<?xml version="1.0" encoding="UTF-8"?>
<!-- Generated by org.testng.reporters.JUnitXMLReporter -->
<testsuite hostname="Sahils-MBP" name="Test" tests="200" failures="197" timestamp="17 Nov 2017 16:50:48 GMT" time="755.874" errors="0">
  <testcase name="startcheckin" time="650.373" classname="tekion.AddNewCustomerTest"/>
  <testcase name="startcheckin" time="60.451" classname="tekion.AddNewCustomerTest">
    <skipped/>
  </testcase> <!-- startcheckin -->
  <testcase name="startcheckin" time="0.029" classname="tekion.AddNewCustomerTest">
    <skipped/>
  </testcase> <!-- startcheckin -->
  <testcase name="startcheckin" time="0.109" classname="tekion.AddNewCustomerTest">
    <failure type="org.openqa.selenium.NoSuchSessionException" message="A session is either terminated or not started (WARNING: The server did not provide any stacktrace information)
Command duration or timeout: 95 milliseconds
Build info: version: &amp;apos;3.4.0&amp;apos;, revision: &amp;apos;unknown&amp;apos;, time: &amp;apos;unknown&amp;apos;
System info: host: &amp;apos;Sahils-MBP&amp;apos;, ip: &amp;apos;192.168.1.6&amp;apos;, os.name: &amp;apos;Mac OS X&amp;apos;, os.arch: &amp;apos;x86_64&amp;apos;, os.version: &amp;apos;10.12.6&amp;apos;, java.version: &amp;apos;1.8.0_144&amp;apos;
Driver info: io.appium.java_client.ios.IOSDriver
Capabilities [{networkConnectionEnabled=false, AutomationName=XCUITest, bundleId=com.tekion.cdmsmobileenterprise, databaseEnabled=false, deviceName=Bala&amp;apos;s iPhone, platform=MAC, platformVersion=11.0.3, webStorageEnabled=false, locationContextEnabled=false, browserName=, takesScreenshot=true, javascriptEnabled=true, platformName=iOS, udid=4efe4d624506f95c1333db73534c3bac26e92867}]
Session ID: 8663282b-cd14-4ae4-bfbb-d31663c4fcd6">
      <![CDATA[org.openqa.selenium.NoSuchSessionException: A session is either terminated or not started (WARNING: The server did not provide any stacktrace information)
Command duration or timeout: 95 milliseconds
Build info: version: '3.4.0', revision: 'unknown', time: 'unknown'
System info: host: 'Sahils-MBP', ip: '192.168.1.6', os.name: 'Mac OS X', os.arch: 'x86_64', os.version: '10.12.6', java.version: '1.8.0_144'
Driver info: io.appium.java_client.ios.IOSDriver
Capabilities [{networkConnectionEnabled=false, AutomationName=XCUITest, bundleId=com.tekion.cdmsmobileenterprise, databaseEnabled=false, deviceName=Bala's iPhone, platform=MAC, platformVersion=11.0.3, webStorageEnabled=false, locationContextEnabled=false, browserName=, takesScreenshot=true, javascriptEnabled=true, platformName=iOS, udid=4efe4d624506f95c1333db73534c3bac26e92867}]
Session ID: 8663282b-cd14-4ae4-bfbb-d31663c4fcd6
	at org.openqa.selenium.remote.ErrorHandler.createThrowable(ErrorHandler.java:215)
	at org.openqa.selenium.remote.ErrorHandler.throwIfResponseFailed(ErrorHandler.java:167)
	at org.openqa.selenium.remote.RemoteWebDriver.execute(RemoteWebDriver.java:671)
	at io.appium.java_client.DefaultGenericMobileDriver.execute(DefaultGenericMobileDriver.java:51)
	at io.appium.java_client.AppiumDriver.execute(AppiumDriver.java:1)
	at io.appium.java_client.ios.IOSDriver.execute(IOSDriver.java:1)
	at org.openqa.selenium.remote.RemoteWebDriver.executeScript(RemoteWebDriver.java:573)
	at tekion.AddNewCustomer.SCROLLBUSINESS(AddNewCustomer.java:175)
	at tekion.AddNewCustomer.ADDNEWCUSTOMER(AddNewCustomer.java:37)
	at tekion.AddNewCustomerTest.startcheckin(AddNewCustomerTest.java:24)
... Removed 28 stack frames]]>
    </failure>
  </testcase> <!-- startcheckin -->
  <testcase name="startcheckin" time="0.026" classname="tekion.AddNewCustomerTest">
    <failure type="org.openqa.selenium.NoSuchSessionException" message="A session is either terminated or not started (WARNING: The server did not provide any stacktrace information)
Command duration or timeout: 7 milliseconds
Build info: version: &amp;apos;3.4.0&amp;apos;, revision: &amp;apos;unknown&amp;apos;, time: &amp;apos;unknown&amp;apos;
System info: host: &amp;apos;Sahils-MBP&amp;apos;, ip: &amp;apos;192.168.1.6&amp;apos;, os.name: &amp;apos;Mac OS X&amp;apos;, os.arch: &amp;apos;x86_64&amp;apos;, os.version: &amp;apos;10.12.6&amp;apos;, java.version: &amp;apos;1.8.0_144&amp;apos;
Driver info: io.appium.java_client.ios.IOSDriver
Capabilities [{networkConnectionEnabled=false, AutomationName=XCUITest, bundleId=com.tekion.cdmsmobileenterprise, databaseEnabled=false, deviceName=Bala&amp;apos;s iPhone, platform=MAC, platformVersion=11.0.3, webStorageEnabled=false, locationContextEnabled=false, browserName=, takesScreenshot=true, javascriptEnabled=true, platformName=iOS, udid=4efe4d624506f95c1333db73534c3bac26e92867}]
Session ID: 8663282b-cd14-4ae4-bfbb-d31663c4fcd6">
      <![CDATA[org.openqa.selenium.NoSuchSessionException: A session is either terminated or not started (WARNING: The server did not provide any stacktrace information)
Command duration or timeout: 7 milliseconds
Build info: version: '3.4.0', revision: 'unknown', time: 'unknown'
System info: host: 'Sahils-MBP', ip: '192.168.1.6', os.name: 'Mac OS X', os.arch: 'x86_64', os.version: '10.12.6', java.version: '1.8.0_144'
Driver info: io.appium.java_client.ios.IOSDriver
Capabilities [{networkConnectionEnabled=false, AutomationName=XCUITest, bundleId=com.tekion.cdmsmobileenterprise, databaseEnabled=false, deviceName=Bala's iPhone, platform=MAC, platformVersion=11.0.3, webStorageEnabled=false, locationContextEnabled=false, browserName=, takesScreenshot=true, javascriptEnabled=true, platformName=iOS, udid=4efe4d624506f95c1333db73534c3bac26e92867}]
Session ID: 8663282b-cd14-4ae4-bfbb-d31663c4fcd6
	at org.openqa.selenium.remote.ErrorHandler.createThrowable(ErrorHandler.java:215)
	at org.openqa.selenium.remote.ErrorHandler.throwIfResponseFailed(ErrorHandler.java:167)
	at org.openqa.selenium.remote.RemoteWebDriver.execute(RemoteWebDriver.java:671)
	at io.appium.java_client.DefaultGenericMobileDriver.execute(DefaultGenericMobileDriver.java:51)
	at io.appium.java_client.AppiumDriver.execute(AppiumDriver.java:1)
	at io.appium.java_client.ios.IOSDriver.execute(IOSDriver.java:1)
	at org.openqa.selenium.remote.RemoteWebDriver.executeScript(RemoteWebDriver.java:573)
	at tekion.AddNewCustomer.SCROLLBUSINESS(AddNewCustomer.java:175)
	at tekion.AddNewCustomer.ADDNEWCUSTOMER(AddNewCustomer.java:37)
	at tekion.AddNewCustomerTest.startcheckin(AddNewCustomerTest.java:24)
... Removed 28 stack frames]]>
    </failure>
  </testcase> <!-- startcheckin -->
  <testcase name="startcheckin" time="0.021" classname="tekion.AddNewCustomerTest">
    <failure type="org.openqa.selenium.NoSuchSessionException" message="A session is either terminated or not started (WARNING: The server did not provide any stacktrace information)
Command duration or timeout: 6 milliseconds
Build info: version: &amp;apos;3.4.0&amp;apos;, revision: &amp;apos;unknown&amp;apos;, time: &amp;apos;unknown&amp;apos;
System info: host: &amp;apos;Sahils-MBP&amp;apos;, ip: &amp;apos;192.168.1.6&amp;apos;, os.name: &amp;apos;Mac OS X&amp;apos;, os.arch: &amp;apos;x86_64&amp;apos;, os.version: &amp;apos;10.12.6&amp;apos;, java.version: &amp;apos;1.8.0_144&amp;apos;
Driver info: io.appium.java_client.ios.IOSDriver
Capabilities [{networkConnectionEnabled=false, AutomationName=XCUITest, bundleId=com.tekion.cdmsmobileenterprise, databaseEnabled=false, deviceName=Bala&amp;apos;s iPhone, platform=MAC, platformVersion=11.0.3, webStorageEnabled=false, locationContextEnabled=false, browserName=, takesScreenshot=true, javascriptEnabled=true, platformName=iOS, udid=4efe4d624506f95c1333db73534c3bac26e92867}]
Session ID: 8663282b-cd14-4ae4-bfbb-d31663c4fcd6">
      <![CDATA[org.openqa.selenium.NoSuchSessionException: A session is either terminated or not started (WARNING: The server did not provide any stacktrace information)
Command duration or timeout: 6 milliseconds
Build info: version: '3.4.0', revision: 'unknown', time: 'unknown'
System info: host: 'Sahils-MBP', ip: '192.168.1.6', os.name: 'Mac OS X', os.arch: 'x86_64', os.version: '10.12.6', java.version: '1.8.0_144'
Driver info: io.appium.java_client.ios.IOSDriver
Capabilities [{networkConnectionEnabled=false, AutomationName=XCUITest, bundleId=com.tekion.cdmsmobileenterprise, databaseEnabled=false, deviceName=Bala's iPhone, platform=MAC, platformVersion=11.0.3, webStorageEnabled=false, locationContextEnabled=false, browserName=, takesScreenshot=true, javascriptEnabled=true, platformName=iOS, udid=4efe4d624506f95c1333db73534c3bac26e92867}]
Session ID: 8663282b-cd14-4ae4-bfbb-d31663c4fcd6
	at org.openqa.selenium.remote.ErrorHandler.createThrowable(ErrorHandler.java:215)
	at org.openqa.selenium.remote.ErrorHandler.throwIfResponseFailed(ErrorHandler.java:167)
	at org.openqa.selenium.remote.RemoteWebDriver.execute(RemoteWebDriver.java:671)
	at io.appium.java_client.DefaultGenericMobileDriver.execute(DefaultGenericMobileDriver.java:51)
	at io.appium.java_client.AppiumDriver.execute(AppiumDriver.java:1)
	at io.appium.java_client.ios.IOSDriver.execute(IOSDriver.java:1)
	at org.openqa.selenium.remote.RemoteWebDriver.executeScript(RemoteWebDriver.java:573)
	at tekion.AddNewCustomer.SCROLLBUSINESS(AddNewCustomer.java:175)
	at tekion.AddNewCustomer.ADDNEWCUSTOMER(AddNewCustomer.java:37)
	at tekion.AddNewCustomerTest.startcheckin(AddNewCustomerTest.java:24)
... Removed 28 stack frames]]>
    </failure>
  </testcase> <!-- startcheckin -->
  <testcase name="startcheckin" time="0.03" classname="tekion.AddNewCustomerTest">
    <failure type="org.openqa.selenium.NoSuchSessionException" message="A session is either terminated or not started (WARNING: The server did not provide any stacktrace information)
Command duration or timeout: 8 milliseconds
Build info: version: &amp;apos;3.4.0&amp;apos;, revision: &amp;apos;unknown&amp;apos;, time: &amp;apos;unknown&amp;apos;
System info: host: &amp;apos;Sahils-MBP&amp;apos;, ip: &amp;apos;192.168.1.6&amp;apos;, os.name: &amp;apos;Mac OS X&amp;apos;, os.arch: &amp;apos;x86_64&amp;apos;, os.version: &amp;apos;10.12.6&amp;apos;, java.version: &amp;apos;1.8.0_144&amp;apos;
Driver info: io.appium.java_client.ios.IOSDriver
Capabilities [{networkConnectionEnabled=false, AutomationName=XCUITest, bundleId=com.tekion.cdmsmobileenterprise, databaseEnabled=false, deviceName=Bala&amp;apos;s iPhone, platform=MAC, platformVersion=11.0.3, webStorageEnabled=false, locationContextEnabled=false, browserName=, takesScreenshot=true, javascriptEnabled=true, platformName=iOS, udid=4efe4d624506f95c1333db73534c3bac26e92867}]
Session ID: 8663282b-cd14-4ae4-bfbb-d31663c4fcd6">
      <![CDATA[org.openqa.selenium.NoSuchSessionException: A session is either terminated or not started (WARNING: The server did not provide any stacktrace information)
Command duration or timeout: 8 milliseconds
Build info: version: '3.4.0', revision: 'unknown', time: 'unknown'
System info: host: 'Sahils-MBP', ip: '192.168.1.6', os.name: 'Mac OS X', os.arch: 'x86_64', os.version: '10.12.6', java.version: '1.8.0_144'
Driver info: io.appium.java_client.ios.IOSDriver
Capabilities [{networkConnectionEnabled=false, AutomationName=XCUITest, bundleId=com.tekion.cdmsmobileenterprise, databaseEnabled=false, deviceName=Bala's iPhone, platform=MAC, platformVersion=11.0.3, webStorageEnabled=false, locationContextEnabled=false, browserName=, takesScreenshot=true, javascriptEnabled=true, platformName=iOS, udid=4efe4d624506f95c1333db73534c3bac26e92867}]
Session ID: 8663282b-cd14-4ae4-bfbb-d31663c4fcd6
	at org.openqa.selenium.remote.ErrorHandler.createThrowable(ErrorHandler.java:215)
	at org.openqa.selenium.remote.ErrorHandler.throwIfResponseFailed(ErrorHandler.java:167)
	at org.openqa.selenium.remote.RemoteWebDriver.execute(RemoteWebDriver.java:671)
	at io.appium.java_client.DefaultGenericMobileDriver.execute(DefaultGenericMobileDriver.java:51)
	at io.appium.java_client.AppiumDriver.execute(AppiumDriver.java:1)
	at io.appium.java_client.ios.IOSDriver.execute(IOSDriver.java:1)
	at org.openqa.selenium.remote.RemoteWebDriver.executeScript(RemoteWebDriver.java:573)
	at tekion.AddNewCustomer.SCROLLBUSINESS(AddNewCustomer.java:175)
	at tekion.AddNewCustomer.ADDNEWCUSTOMER(AddNewCustomer.java:37)
	at tekion.AddNewCustomerTest.startcheckin(AddNewCustomerTest.java:24)
... Removed 27 stack frames]]>
    </failure>
  </testcase> <!-- startcheckin -->
  <testcase name="startcheckin" time="0.049" classname="tekion.AddNewCustomerTest">
    <failure type="org.openqa.selenium.NoSuchSessionException" message="A session is either terminated or not started (WARNING: The server did not provide any stacktrace information)
Command duration or timeout: 13 milliseconds
Build info: version: &amp;apos;3.4.0&amp;apos;, revision: &amp;apos;unknown&amp;apos;, time: &amp;apos;unknown&amp;apos;
System info: host: &amp;apos;Sahils-MBP&amp;apos;, ip: &amp;apos;192.168.1.6&amp;apos;, os.name: &amp;apos;Mac OS X&amp;apos;, os.arch: &amp;apos;x86_64&amp;apos;, os.version: &amp;apos;10.12.6&amp;apos;, java.version: &amp;apos;1.8.0_144&amp;apos;
Driver info: io.appium.java_client.ios.IOSDriver
Capabilities [{networkConnectionEnabled=false, AutomationName=XCUITest, bundleId=com.tekion.cdmsmobileenterprise, databaseEnabled=false, deviceName=Bala&amp;apos;s iPhone, platform=MAC, platformVersion=11.0.3, webStorageEnabled=false, locationContextEnabled=false, browserName=, takesScreenshot=true, javascriptEnabled=true, platformName=iOS, udid=4efe4d624506f95c1333db73534c3bac26e92867}]
Session ID: 8663282b-cd14-4ae4-bfbb-d31663c4fcd6">
      <![CDATA[org.openqa.selenium.NoSuchSessionException: A session is either terminated or not started (WARNING: The server did not provide any stacktrace information)
Command duration or timeout: 13 milliseconds
Build info: version: '3.4.0', revision: 'unknown', time: 'unknown'
System info: host: 'Sahils-MBP', ip: '192.168.1.6', os.name: 'Mac OS X', os.arch: 'x86_64', os.version: '10.12.6', java.version: '1.8.0_144'
Driver info: io.appium.java_client.ios.IOSDriver
Capabilities [{networkConnectionEnabled=false, AutomationName=XCUITest, bundleId=com.tekion.cdmsmobileenterprise, databaseEnabled=false, deviceName=Bala's iPhone, platform=MAC, platformVersion=11.0.3, webStorageEnabled=false, locationContextEnabled=false, browserName=, takesScreenshot=true, javascriptEnabled=true, platformName=iOS, udid=4efe4d624506f95c1333db73534c3bac26e92867}]
Session ID: 8663282b-cd14-4ae4-bfbb-d31663c4fcd6
	at org.openqa.selenium.remote.ErrorHandler.createThrowable(ErrorHandler.java:215)
	at org.openqa.selenium.remote.ErrorHandler.throwIfResponseFailed(ErrorHandler.java:167)
	at org.openqa.selenium.remote.RemoteWebDriver.execute(RemoteWebDriver.java:671)
	at io.appium.java_client.DefaultGenericMobileDriver.execute(DefaultGenericMobileDriver.java:51)
	at io.appium.java_client.AppiumDriver.execute(AppiumDriver.java:1)
	at io.appium.java_client.ios.IOSDriver.execute(IOSDriver.java:1)
	at org.openqa.selenium.remote.RemoteWebDriver.executeScript(RemoteWebDriver.java:573)
	at tekion.AddNewCustomer.SCROLLBUSINESS(AddNewCustomer.java:175)
	at tekion.AddNewCustomer.ADDNEWCUSTOMER(AddNewCustomer.java:37)
	at tekion.AddNewCustomerTest.startcheckin(AddNewCustomerTest.java:24)
... Removed 27 stack frames]]>
    </failure>
  </testcase> <!-- startcheckin -->
  <testcase name="startcheckin" time="0.026" classname="tekion.AddNewCustomerTest">
    <failure type="org.openqa.selenium.NoSuchSessionException" message="A session is either terminated or not started (WARNING: The server did not provide any stacktrace information)
Command duration or timeout: 7 milliseconds
Build info: version: &amp;apos;3.4.0&amp;apos;, revision: &amp;apos;unknown&amp;apos;, time: &amp;apos;unknown&amp;apos;
System info: host: &amp;apos;Sahils-MBP&amp;apos;, ip: &amp;apos;192.168.1.6&amp;apos;, os.name: &amp;apos;Mac OS X&amp;apos;, os.arch: &amp;apos;x86_64&amp;apos;, os.version: &amp;apos;10.12.6&amp;apos;, java.version: &amp;apos;1.8.0_144&amp;apos;
Driver info: io.appium.java_client.ios.IOSDriver
Capabilities [{networkConnectionEnabled=false, AutomationName=XCUITest, bundleId=com.tekion.cdmsmobileenterprise, databaseEnabled=false, deviceName=Bala&amp;apos;s iPhone, platform=MAC, platformVersion=11.0.3, webStorageEnabled=false, locationContextEnabled=false, browserName=, takesScreenshot=true, javascriptEnabled=true, platformName=iOS, udid=4efe4d624506f95c1333db73534c3bac26e92867}]
Session ID: 8663282b-cd14-4ae4-bfbb-d31663c4fcd6">
      <![CDATA[org.openqa.selenium.NoSuchSessionException: A session is either terminated or not started (WARNING: The server did not provide any stacktrace information)
Command duration or timeout: 7 milliseconds
Build info: version: '3.4.0', revision: 'unknown', time: 'unknown'
System info: host: 'Sahils-MBP', ip: '192.168.1.6', os.name: 'Mac OS X', os.arch: 'x86_64', os.version: '10.12.6', java.version: '1.8.0_144'
Driver info: io.appium.java_client.ios.IOSDriver
Capabilities [{networkConnectionEnabled=false, AutomationName=XCUITest, bundleId=com.tekion.cdmsmobileenterprise, databaseEnabled=false, deviceName=Bala's iPhone, platform=MAC, platformVersion=11.0.3, webStorageEnabled=false, locationContextEnabled=false, browserName=, takesScreenshot=true, javascriptEnabled=true, platformName=iOS, udid=4efe4d624506f95c1333db73534c3bac26e92867}]
Session ID: 8663282b-cd14-4ae4-bfbb-d31663c4fcd6
	at org.openqa.selenium.remote.ErrorHandler.createThrowable(ErrorHandler.java:215)
	at org.openqa.selenium.remote.ErrorHandler.throwIfResponseFailed(ErrorHandler.java:167)
	at org.openqa.selenium.remote.RemoteWebDriver.execute(RemoteWebDriver.java:671)
	at io.appium.java_client.DefaultGenericMobileDriver.execute(DefaultGenericMobileDriver.java:51)
	at io.appium.java_client.AppiumDriver.execute(AppiumDriver.java:1)
	at io.appium.java_client.ios.IOSDriver.execute(IOSDriver.java:1)
	at org.openqa.selenium.remote.RemoteWebDriver.executeScript(RemoteWebDriver.java:573)
	at tekion.AddNewCustomer.SCROLLBUSINESS(AddNewCustomer.java:175)
	at tekion.AddNewCustomer.ADDNEWCUSTOMER(AddNewCustomer.java:37)
	at tekion.AddNewCustomerTest.startcheckin(AddNewCustomerTest.java:24)
... Removed 27 stack frames]]>
    </failure>
  </testcase> <!-- startcheckin -->
  <testcase name="startcheckin" time="0.035" classname="tekion.AddNewCustomerTest">
    <failure type="org.openqa.selenium.NoSuchSessionException" message="A session is either terminated or not started (WARNING: The server did not provide any stacktrace information)
Command duration or timeout: 8 milliseconds
Build info: version: &amp;apos;3.4.0&amp;apos;, revision: &amp;apos;unknown&amp;apos;, time: &amp;apos;unknown&amp;apos;
System info: host: &amp;apos;Sahils-MBP&amp;apos;, ip: &amp;apos;192.168.1.6&amp;apos;, os.name: &amp;apos;Mac OS X&amp;apos;, os.arch: &amp;apos;x86_64&amp;apos;, os.version: &amp;apos;10.12.6&amp;apos;, java.version: &amp;apos;1.8.0_144&amp;apos;
Driver info: io.appium.java_client.ios.IOSDriver
Capabilities [{networkConnectionEnabled=false, AutomationName=XCUITest, bundleId=com.tekion.cdmsmobileenterprise, databaseEnabled=false, deviceName=Bala&amp;apos;s iPhone, platform=MAC, platformVersion=11.0.3, webStorageEnabled=false, locationContextEnabled=false, browserName=, takesScreenshot=true, javascriptEnabled=true, platformName=iOS, udid=4efe4d624506f95c1333db73534c3bac26e92867}]
Session ID: 8663282b-cd14-4ae4-bfbb-d31663c4fcd6">
      <![CDATA[org.openqa.selenium.NoSuchSessionException: A session is either terminated or not started (WARNING: The server did not provide any stacktrace information)
Command duration or timeout: 8 milliseconds
Build info: version: '3.4.0', revision: 'unknown', time: 'unknown'
System info: host: 'Sahils-MBP', ip: '192.168.1.6', os.name: 'Mac OS X', os.arch: 'x86_64', os.version: '10.12.6', java.version: '1.8.0_144'
Driver info: io.appium.java_client.ios.IOSDriver
Capabilities [{networkConnectionEnabled=false, AutomationName=XCUITest, bundleId=com.tekion.cdmsmobileenterprise, databaseEnabled=false, deviceName=Bala's iPhone, platform=MAC, platformVersion=11.0.3, webStorageEnabled=false, locationContextEnabled=false, browserName=, takesScreenshot=true, javascriptEnabled=true, platformName=iOS, udid=4efe4d624506f95c1333db73534c3bac26e92867}]
Session ID: 8663282b-cd14-4ae4-bfbb-d31663c4fcd6
	at org.openqa.selenium.remote.ErrorHandler.createThrowable(ErrorHandler.java:215)
	at org.openqa.selenium.remote.ErrorHandler.throwIfResponseFailed(ErrorHandler.java:167)
	at org.openqa.selenium.remote.RemoteWebDriver.execute(RemoteWebDriver.java:671)
	at io.appium.java_client.DefaultGenericMobileDriver.execute(DefaultGenericMobileDriver.java:51)
	at io.appium.java_client.AppiumDriver.execute(AppiumDriver.java:1)
	at io.appium.java_client.ios.IOSDriver.execute(IOSDriver.java:1)
	at org.openqa.selenium.remote.RemoteWebDriver.executeScript(RemoteWebDriver.java:573)
	at tekion.AddNewCustomer.SCROLLBUSINESS(AddNewCustomer.java:175)
	at tekion.AddNewCustomer.ADDNEWCUSTOMER(AddNewCustomer.java:37)
	at tekion.AddNewCustomerTest.startcheckin(AddNewCustomerTest.java:24)
... Removed 27 stack frames]]>
    </failure>
  </testcase> <!-- startcheckin -->
  <testcase name="startcheckin" time="0.022" classname="tekion.AddNewCustomerTest">
    <failure type="org.openqa.selenium.NoSuchSessionException" message="A session is either terminated or not started (WARNING: The server did not provide any stacktrace information)
Command duration or timeout: 5 milliseconds
Build info: version: &amp;apos;3.4.0&amp;apos;, revision: &amp;apos;unknown&amp;apos;, time: &amp;apos;unknown&amp;apos;
System info: host: &amp;apos;Sahils-MBP&amp;apos;, ip: &amp;apos;192.168.1.6&amp;apos;, os.name: &amp;apos;Mac OS X&amp;apos;, os.arch: &amp;apos;x86_64&amp;apos;, os.version: &amp;apos;10.12.6&amp;apos;, java.version: &amp;apos;1.8.0_144&amp;apos;
Driver info: io.appium.java_client.ios.IOSDriver
Capabilities [{networkConnectionEnabled=false, AutomationName=XCUITest, bundleId=com.tekion.cdmsmobileenterprise, databaseEnabled=false, deviceName=Bala&amp;apos;s iPhone, platform=MAC, platformVersion=11.0.3, webStorageEnabled=false, locationContextEnabled=false, browserName=, takesScreenshot=true, javascriptEnabled=true, platformName=iOS, udid=4efe4d624506f95c1333db73534c3bac26e92867}]
Session ID: 8663282b-cd14-4ae4-bfbb-d31663c4fcd6">
      <![CDATA[org.openqa.selenium.NoSuchSessionException: A session is either terminated or not started (WARNING: The server did not provide any stacktrace information)
Command duration or timeout: 5 milliseconds
Build info: version: '3.4.0', revision: 'unknown', time: 'unknown'
System info: host: 'Sahils-MBP', ip: '192.168.1.6', os.name: 'Mac OS X', os.arch: 'x86_64', os.version: '10.12.6', java.version: '1.8.0_144'
Driver info: io.appium.java_client.ios.IOSDriver
Capabilities [{networkConnectionEnabled=false, AutomationName=XCUITest, bundleId=com.tekion.cdmsmobileenterprise, databaseEnabled=false, deviceName=Bala's iPhone, platform=MAC, platformVersion=11.0.3, webStorageEnabled=false, locationContextEnabled=false, browserName=, takesScreenshot=true, javascriptEnabled=true, platformName=iOS, udid=4efe4d624506f95c1333db73534c3bac26e92867}]
Session ID: 8663282b-cd14-4ae4-bfbb-d31663c4fcd6
	at org.openqa.selenium.remote.ErrorHandler.createThrowable(ErrorHandler.java:215)
	at org.openqa.selenium.remote.ErrorHandler.throwIfResponseFailed(ErrorHandler.java:167)
	at org.openqa.selenium.remote.RemoteWebDriver.execute(RemoteWebDriver.java:671)
	at io.appium.java_client.DefaultGenericMobileDriver.execute(DefaultGenericMobileDriver.java:51)
	at io.appium.java_client.AppiumDriver.execute(AppiumDriver.java:1)
	at io.appium.java_client.ios.IOSDriver.execute(IOSDriver.java:1)
	at org.openqa.selenium.remote.RemoteWebDriver.executeScript(RemoteWebDriver.java:573)
	at tekion.AddNewCustomer.SCROLLBUSINESS(AddNewCustomer.java:175)
	at tekion.AddNewCustomer.ADDNEWCUSTOMER(AddNewCustomer.java:37)
	at tekion.AddNewCustomerTest.startcheckin(AddNewCustomerTest.java:24)
... Removed 27 stack frames]]>
    </failure>
  </testcase> <!-- startcheckin -->
  <testcase name="startcheckin" time="0.02" classname="tekion.AddNewCustomerTest">
    <failure type="org.openqa.selenium.NoSuchSessionException" message="A session is either terminated or not started (WARNING: The server did not provide any stacktrace information)
Command duration or timeout: 4 milliseconds
Build info: version: &amp;apos;3.4.0&amp;apos;, revision: &amp;apos;unknown&amp;apos;, time: &amp;apos;unknown&amp;apos;
System info: host: &amp;apos;Sahils-MBP&amp;apos;, ip: &amp;apos;192.168.1.6&amp;apos;, os.name: &amp;apos;Mac OS X&amp;apos;, os.arch: &amp;apos;x86_64&amp;apos;, os.version: &amp;apos;10.12.6&amp;apos;, java.version: &amp;apos;1.8.0_144&amp;apos;
Driver info: io.appium.java_client.ios.IOSDriver
Capabilities [{networkConnectionEnabled=false, AutomationName=XCUITest, bundleId=com.tekion.cdmsmobileenterprise, databaseEnabled=false, deviceName=Bala&amp;apos;s iPhone, platform=MAC, platformVersion=11.0.3, webStorageEnabled=false, locationContextEnabled=false, browserName=, takesScreenshot=true, javascriptEnabled=true, platformName=iOS, udid=4efe4d624506f95c1333db73534c3bac26e92867}]
Session ID: 8663282b-cd14-4ae4-bfbb-d31663c4fcd6">
      <![CDATA[org.openqa.selenium.NoSuchSessionException: A session is either terminated or not started (WARNING: The server did not provide any stacktrace information)
Command duration or timeout: 4 milliseconds
Build info: version: '3.4.0', revision: 'unknown', time: 'unknown'
System info: host: 'Sahils-MBP', ip: '192.168.1.6', os.name: 'Mac OS X', os.arch: 'x86_64', os.version: '10.12.6', java.version: '1.8.0_144'
Driver info: io.appium.java_client.ios.IOSDriver
Capabilities [{networkConnectionEnabled=false, AutomationName=XCUITest, bundleId=com.tekion.cdmsmobileenterprise, databaseEnabled=false, deviceName=Bala's iPhone, platform=MAC, platformVersion=11.0.3, webStorageEnabled=false, locationContextEnabled=false, browserName=, takesScreenshot=true, javascriptEnabled=true, platformName=iOS, udid=4efe4d624506f95c1333db73534c3bac26e92867}]
Session ID: 8663282b-cd14-4ae4-bfbb-d31663c4fcd6
	at org.openqa.selenium.remote.ErrorHandler.createThrowable(ErrorHandler.java:215)
	at org.openqa.selenium.remote.ErrorHandler.throwIfResponseFailed(ErrorHandler.java:167)
	at org.openqa.selenium.remote.RemoteWebDriver.execute(RemoteWebDriver.java:671)
	at io.appium.java_client.DefaultGenericMobileDriver.execute(DefaultGenericMobileDriver.java:51)
	at io.appium.java_client.AppiumDriver.execute(AppiumDriver.java:1)
	at io.appium.java_client.ios.IOSDriver.execute(IOSDriver.java:1)
	at org.openqa.selenium.remote.RemoteWebDriver.executeScript(RemoteWebDriver.java:573)
	at tekion.AddNewCustomer.SCROLLBUSINESS(AddNewCustomer.java:175)
	at tekion.AddNewCustomer.ADDNEWCUSTOMER(AddNewCustomer.java:37)
	at tekion.AddNewCustomerTest.startcheckin(AddNewCustomerTest.java:24)
... Removed 27 stack frames]]>
    </failure>
  </testcase> <!-- startcheckin -->
  <testcase name="startcheckin" time="0.025" classname="tekion.AddNewCustomerTest">
    <failure type="org.openqa.selenium.NoSuchSessionException" message="A session is either terminated or not started (WARNING: The server did not provide any stacktrace information)
Command duration or timeout: 6 milliseconds
Build info: version: &amp;apos;3.4.0&amp;apos;, revision: &amp;apos;unknown&amp;apos;, time: &amp;apos;unknown&amp;apos;
System info: host: &amp;apos;Sahils-MBP&amp;apos;, ip: &amp;apos;192.168.1.6&amp;apos;, os.name: &amp;apos;Mac OS X&amp;apos;, os.arch: &amp;apos;x86_64&amp;apos;, os.version: &amp;apos;10.12.6&amp;apos;, java.version: &amp;apos;1.8.0_144&amp;apos;
Driver info: io.appium.java_client.ios.IOSDriver
Capabilities [{networkConnectionEnabled=false, AutomationName=XCUITest, bundleId=com.tekion.cdmsmobileenterprise, databaseEnabled=false, deviceName=Bala&amp;apos;s iPhone, platform=MAC, platformVersion=11.0.3, webStorageEnabled=false, locationContextEnabled=false, browserName=, takesScreenshot=true, javascriptEnabled=true, platformName=iOS, udid=4efe4d624506f95c1333db73534c3bac26e92867}]
Session ID: 8663282b-cd14-4ae4-bfbb-d31663c4fcd6">
      <![CDATA[org.openqa.selenium.NoSuchSessionException: A session is either terminated or not started (WARNING: The server did not provide any stacktrace information)
Command duration or timeout: 6 milliseconds
Build info: version: '3.4.0', revision: 'unknown', time: 'unknown'
System info: host: 'Sahils-MBP', ip: '192.168.1.6', os.name: 'Mac OS X', os.arch: 'x86_64', os.version: '10.12.6', java.version: '1.8.0_144'
Driver info: io.appium.java_client.ios.IOSDriver
Capabilities [{networkConnectionEnabled=false, AutomationName=XCUITest, bundleId=com.tekion.cdmsmobileenterprise, databaseEnabled=false, deviceName=Bala's iPhone, platform=MAC, platformVersion=11.0.3, webStorageEnabled=false, locationContextEnabled=false, browserName=, takesScreenshot=true, javascriptEnabled=true, platformName=iOS, udid=4efe4d624506f95c1333db73534c3bac26e92867}]
Session ID: 8663282b-cd14-4ae4-bfbb-d31663c4fcd6
	at org.openqa.selenium.remote.ErrorHandler.createThrowable(ErrorHandler.java:215)
	at org.openqa.selenium.remote.ErrorHandler.throwIfResponseFailed(ErrorHandler.java:167)
	at org.openqa.selenium.remote.RemoteWebDriver.execute(RemoteWebDriver.java:671)
	at io.appium.java_client.DefaultGenericMobileDriver.execute(DefaultGenericMobileDriver.java:51)
	at io.appium.java_client.AppiumDriver.execute(AppiumDriver.java:1)
	at io.appium.java_client.ios.IOSDriver.execute(IOSDriver.java:1)
	at org.openqa.selenium.remote.RemoteWebDriver.executeScript(RemoteWebDriver.java:573)
	at tekion.AddNewCustomer.SCROLLBUSINESS(AddNewCustomer.java:175)
	at tekion.AddNewCustomer.ADDNEWCUSTOMER(AddNewCustomer.java:37)
	at tekion.AddNewCustomerTest.startcheckin(AddNewCustomerTest.java:24)
... Removed 27 stack frames]]>
    </failure>
  </testcase> <!-- startcheckin -->
  <testcase name="startcheckin" time="0.055" classname="tekion.AddNewCustomerTest">
    <failure type="org.openqa.selenium.NoSuchSessionException" message="A session is either terminated or not started (WARNING: The server did not provide any stacktrace information)
Command duration or timeout: 9 milliseconds
Build info: version: &amp;apos;3.4.0&amp;apos;, revision: &amp;apos;unknown&amp;apos;, time: &amp;apos;unknown&amp;apos;
System info: host: &amp;apos;Sahils-MBP&amp;apos;, ip: &amp;apos;192.168.1.6&amp;apos;, os.name: &amp;apos;Mac OS X&amp;apos;, os.arch: &amp;apos;x86_64&amp;apos;, os.version: &amp;apos;10.12.6&amp;apos;, java.version: &amp;apos;1.8.0_144&amp;apos;
Driver info: io.appium.java_client.ios.IOSDriver
Capabilities [{networkConnectionEnabled=false, AutomationName=XCUITest, bundleId=com.tekion.cdmsmobileenterprise, databaseEnabled=false, deviceName=Bala&amp;apos;s iPhone, platform=MAC, platformVersion=11.0.3, webStorageEnabled=false, locationContextEnabled=false, browserName=, takesScreenshot=true, javascriptEnabled=true, platformName=iOS, udid=4efe4d624506f95c1333db73534c3bac26e92867}]
Session ID: 8663282b-cd14-4ae4-bfbb-d31663c4fcd6">
      <![CDATA[org.openqa.selenium.NoSuchSessionException: A session is either terminated or not started (WARNING: The server did not provide any stacktrace information)
Command duration or timeout: 9 milliseconds
Build info: version: '3.4.0', revision: 'unknown', time: 'unknown'
System info: host: 'Sahils-MBP', ip: '192.168.1.6', os.name: 'Mac OS X', os.arch: 'x86_64', os.version: '10.12.6', java.version: '1.8.0_144'
Driver info: io.appium.java_client.ios.IOSDriver
Capabilities [{networkConnectionEnabled=false, AutomationName=XCUITest, bundleId=com.tekion.cdmsmobileenterprise, databaseEnabled=false, deviceName=Bala's iPhone, platform=MAC, platformVersion=11.0.3, webStorageEnabled=false, locationContextEnabled=false, browserName=, takesScreenshot=true, javascriptEnabled=true, platformName=iOS, udid=4efe4d624506f95c1333db73534c3bac26e92867}]
Session ID: 8663282b-cd14-4ae4-bfbb-d31663c4fcd6
	at org.openqa.selenium.remote.ErrorHandler.createThrowable(ErrorHandler.java:215)
	at org.openqa.selenium.remote.ErrorHandler.throwIfResponseFailed(ErrorHandler.java:167)
	at org.openqa.selenium.remote.RemoteWebDriver.execute(RemoteWebDriver.java:671)
	at io.appium.java_client.DefaultGenericMobileDriver.execute(DefaultGenericMobileDriver.java:51)
	at io.appium.java_client.AppiumDriver.execute(AppiumDriver.java:1)
	at io.appium.java_client.ios.IOSDriver.execute(IOSDriver.java:1)
	at org.openqa.selenium.remote.RemoteWebDriver.executeScript(RemoteWebDriver.java:573)
	at tekion.AddNewCustomer.SCROLLBUSINESS(AddNewCustomer.java:175)
	at tekion.AddNewCustomer.ADDNEWCUSTOMER(AddNewCustomer.java:37)
	at tekion.AddNewCustomerTest.startcheckin(AddNewCustomerTest.java:24)
... Removed 27 stack frames]]>
    </failure>
  </testcase> <!-- startcheckin -->
  <testcase name="startcheckin" time="0.052" classname="tekion.AddNewCustomerTest">
    <failure type="org.openqa.selenium.NoSuchSessionException" message="A session is either terminated or not started (WARNING: The server did not provide any stacktrace information)
Command duration or timeout: 7 milliseconds
Build info: version: &amp;apos;3.4.0&amp;apos;, revision: &amp;apos;unknown&amp;apos;, time: &amp;apos;unknown&amp;apos;
System info: host: &amp;apos;Sahils-MBP&amp;apos;, ip: &amp;apos;192.168.1.6&amp;apos;, os.name: &amp;apos;Mac OS X&amp;apos;, os.arch: &amp;apos;x86_64&amp;apos;, os.version: &amp;apos;10.12.6&amp;apos;, java.version: &amp;apos;1.8.0_144&amp;apos;
Driver info: io.appium.java_client.ios.IOSDriver
Capabilities [{networkConnectionEnabled=false, AutomationName=XCUITest, bundleId=com.tekion.cdmsmobileenterprise, databaseEnabled=false, deviceName=Bala&amp;apos;s iPhone, platform=MAC, platformVersion=11.0.3, webStorageEnabled=false, locationContextEnabled=false, browserName=, takesScreenshot=true, javascriptEnabled=true, platformName=iOS, udid=4efe4d624506f95c1333db73534c3bac26e92867}]
Session ID: 8663282b-cd14-4ae4-bfbb-d31663c4fcd6">
      <![CDATA[org.openqa.selenium.NoSuchSessionException: A session is either terminated or not started (WARNING: The server did not provide any stacktrace information)
Command duration or timeout: 7 milliseconds
Build info: version: '3.4.0', revision: 'unknown', time: 'unknown'
System info: host: 'Sahils-MBP', ip: '192.168.1.6', os.name: 'Mac OS X', os.arch: 'x86_64', os.version: '10.12.6', java.version: '1.8.0_144'
Driver info: io.appium.java_client.ios.IOSDriver
Capabilities [{networkConnectionEnabled=false, AutomationName=XCUITest, bundleId=com.tekion.cdmsmobileenterprise, databaseEnabled=false, deviceName=Bala's iPhone, platform=MAC, platformVersion=11.0.3, webStorageEnabled=false, locationContextEnabled=false, browserName=, takesScreenshot=true, javascriptEnabled=true, platformName=iOS, udid=4efe4d624506f95c1333db73534c3bac26e92867}]
Session ID: 8663282b-cd14-4ae4-bfbb-d31663c4fcd6
	at org.openqa.selenium.remote.ErrorHandler.createThrowable(ErrorHandler.java:215)
	at org.openqa.selenium.remote.ErrorHandler.throwIfResponseFailed(ErrorHandler.java:167)
	at org.openqa.selenium.remote.RemoteWebDriver.execute(RemoteWebDriver.java:671)
	at io.appium.java_client.DefaultGenericMobileDriver.execute(DefaultGenericMobileDriver.java:51)
	at io.appium.java_client.AppiumDriver.execute(AppiumDriver.java:1)
	at io.appium.java_client.ios.IOSDriver.execute(IOSDriver.java:1)
	at org.openqa.selenium.remote.RemoteWebDriver.executeScript(RemoteWebDriver.java:573)
	at tekion.AddNewCustomer.SCROLLBUSINESS(AddNewCustomer.java:175)
	at tekion.AddNewCustomer.ADDNEWCUSTOMER(AddNewCustomer.java:37)
	at tekion.AddNewCustomerTest.startcheckin(AddNewCustomerTest.java:24)
... Removed 27 stack frames]]>
    </failure>
  </testcase> <!-- startcheckin -->
  <testcase name="startcheckin" time="0.23" classname="tekion.AddNewCustomerTest">
    <failure type="org.openqa.selenium.NoSuchSessionException" message="A session is either terminated or not started (WARNING: The server did not provide any stacktrace information)
Command duration or timeout: 10 milliseconds
Build info: version: &amp;apos;3.4.0&amp;apos;, revision: &amp;apos;unknown&amp;apos;, time: &amp;apos;unknown&amp;apos;
System info: host: &amp;apos;Sahils-MBP&amp;apos;, ip: &amp;apos;192.168.1.6&amp;apos;, os.name: &amp;apos;Mac OS X&amp;apos;, os.arch: &amp;apos;x86_64&amp;apos;, os.version: &amp;apos;10.12.6&amp;apos;, java.version: &amp;apos;1.8.0_144&amp;apos;
Driver info: io.appium.java_client.ios.IOSDriver
Capabilities [{networkConnectionEnabled=false, AutomationName=XCUITest, bundleId=com.tekion.cdmsmobileenterprise, databaseEnabled=false, deviceName=Bala&amp;apos;s iPhone, platform=MAC, platformVersion=11.0.3, webStorageEnabled=false, locationContextEnabled=false, browserName=, takesScreenshot=true, javascriptEnabled=true, platformName=iOS, udid=4efe4d624506f95c1333db73534c3bac26e92867}]
Session ID: 8663282b-cd14-4ae4-bfbb-d31663c4fcd6">
      <![CDATA[org.openqa.selenium.NoSuchSessionException: A session is either terminated or not started (WARNING: The server did not provide any stacktrace information)
Command duration or timeout: 10 milliseconds
Build info: version: '3.4.0', revision: 'unknown', time: 'unknown'
System info: host: 'Sahils-MBP', ip: '192.168.1.6', os.name: 'Mac OS X', os.arch: 'x86_64', os.version: '10.12.6', java.version: '1.8.0_144'
Driver info: io.appium.java_client.ios.IOSDriver
Capabilities [{networkConnectionEnabled=false, AutomationName=XCUITest, bundleId=com.tekion.cdmsmobileenterprise, databaseEnabled=false, deviceName=Bala's iPhone, platform=MAC, platformVersion=11.0.3, webStorageEnabled=false, locationContextEnabled=false, browserName=, takesScreenshot=true, javascriptEnabled=true, platformName=iOS, udid=4efe4d624506f95c1333db73534c3bac26e92867}]
Session ID: 8663282b-cd14-4ae4-bfbb-d31663c4fcd6
	at org.openqa.selenium.remote.ErrorHandler.createThrowable(ErrorHandler.java:215)
	at org.openqa.selenium.remote.ErrorHandler.throwIfResponseFailed(ErrorHandler.java:167)
	at org.openqa.selenium.remote.RemoteWebDriver.execute(RemoteWebDriver.java:671)
	at io.appium.java_client.DefaultGenericMobileDriver.execute(DefaultGenericMobileDriver.java:51)
	at io.appium.java_client.AppiumDriver.execute(AppiumDriver.java:1)
	at io.appium.java_client.ios.IOSDriver.execute(IOSDriver.java:1)
	at org.openqa.selenium.remote.RemoteWebDriver.executeScript(RemoteWebDriver.java:573)
	at tekion.AddNewCustomer.SCROLLBUSINESS(AddNewCustomer.java:175)
	at tekion.AddNewCustomer.ADDNEWCUSTOMER(AddNewCustomer.java:37)
	at tekion.AddNewCustomerTest.startcheckin(AddNewCustomerTest.java:24)
... Removed 27 stack frames]]>
    </failure>
  </testcase> <!-- startcheckin -->
  <testcase name="startcheckin" time="0.025" classname="tekion.AddNewCustomerTest">
    <failure type="org.openqa.selenium.NoSuchSessionException" message="A session is either terminated or not started (WARNING: The server did not provide any stacktrace information)
Command duration or timeout: 4 milliseconds
Build info: version: &amp;apos;3.4.0&amp;apos;, revision: &amp;apos;unknown&amp;apos;, time: &amp;apos;unknown&amp;apos;
System info: host: &amp;apos;Sahils-MBP&amp;apos;, ip: &amp;apos;192.168.1.6&amp;apos;, os.name: &amp;apos;Mac OS X&amp;apos;, os.arch: &amp;apos;x86_64&amp;apos;, os.version: &amp;apos;10.12.6&amp;apos;, java.version: &amp;apos;1.8.0_144&amp;apos;
Driver info: io.appium.java_client.ios.IOSDriver
Capabilities [{networkConnectionEnabled=false, AutomationName=XCUITest, bundleId=com.tekion.cdmsmobileenterprise, databaseEnabled=false, deviceName=Bala&amp;apos;s iPhone, platform=MAC, platformVersion=11.0.3, webStorageEnabled=false, locationContextEnabled=false, browserName=, takesScreenshot=true, javascriptEnabled=true, platformName=iOS, udid=4efe4d624506f95c1333db73534c3bac26e92867}]
Session ID: 8663282b-cd14-4ae4-bfbb-d31663c4fcd6">
      <![CDATA[org.openqa.selenium.NoSuchSessionException: A session is either terminated or not started (WARNING: The server did not provide any stacktrace information)
Command duration or timeout: 4 milliseconds
Build info: version: '3.4.0', revision: 'unknown', time: 'unknown'
System info: host: 'Sahils-MBP', ip: '192.168.1.6', os.name: 'Mac OS X', os.arch: 'x86_64', os.version: '10.12.6', java.version: '1.8.0_144'
Driver info: io.appium.java_client.ios.IOSDriver
Capabilities [{networkConnectionEnabled=false, AutomationName=XCUITest, bundleId=com.tekion.cdmsmobileenterprise, databaseEnabled=false, deviceName=Bala's iPhone, platform=MAC, platformVersion=11.0.3, webStorageEnabled=false, locationContextEnabled=false, browserName=, takesScreenshot=true, javascriptEnabled=true, platformName=iOS, udid=4efe4d624506f95c1333db73534c3bac26e92867}]
Session ID: 8663282b-cd14-4ae4-bfbb-d31663c4fcd6
	at org.openqa.selenium.remote.ErrorHandler.createThrowable(ErrorHandler.java:215)
	at org.openqa.selenium.remote.ErrorHandler.throwIfResponseFailed(ErrorHandler.java:167)
	at org.openqa.selenium.remote.RemoteWebDriver.execute(RemoteWebDriver.java:671)
	at io.appium.java_client.DefaultGenericMobileDriver.execute(DefaultGenericMobileDriver.java:51)
	at io.appium.java_client.AppiumDriver.execute(AppiumDriver.java:1)
	at io.appium.java_client.ios.IOSDriver.execute(IOSDriver.java:1)
	at org.openqa.selenium.remote.RemoteWebDriver.executeScript(RemoteWebDriver.java:573)
	at tekion.AddNewCustomer.SCROLLBUSINESS(AddNewCustomer.java:175)
	at tekion.AddNewCustomer.ADDNEWCUSTOMER(AddNewCustomer.java:37)
	at tekion.AddNewCustomerTest.startcheckin(AddNewCustomerTest.java:24)
... Removed 26 stack frames]]>
    </failure>
  </testcase> <!-- startcheckin -->
  <testcase name="startcheckin" time="0.021" classname="tekion.AddNewCustomerTest">
    <failure type="org.openqa.selenium.NoSuchSessionException" message="A session is either terminated or not started (WARNING: The server did not provide any stacktrace information)
Command duration or timeout: 7 milliseconds
Build info: version: &amp;apos;3.4.0&amp;apos;, revision: &amp;apos;unknown&amp;apos;, time: &amp;apos;unknown&amp;apos;
System info: host: &amp;apos;Sahils-MBP&amp;apos;, ip: &amp;apos;192.168.1.6&amp;apos;, os.name: &amp;apos;Mac OS X&amp;apos;, os.arch: &amp;apos;x86_64&amp;apos;, os.version: &amp;apos;10.12.6&amp;apos;, java.version: &amp;apos;1.8.0_144&amp;apos;
Driver info: io.appium.java_client.ios.IOSDriver
Capabilities [{networkConnectionEnabled=false, AutomationName=XCUITest, bundleId=com.tekion.cdmsmobileenterprise, databaseEnabled=false, deviceName=Bala&amp;apos;s iPhone, platform=MAC, platformVersion=11.0.3, webStorageEnabled=false, locationContextEnabled=false, browserName=, takesScreenshot=true, javascriptEnabled=true, platformName=iOS, udid=4efe4d624506f95c1333db73534c3bac26e92867}]
Session ID: 8663282b-cd14-4ae4-bfbb-d31663c4fcd6">
      <![CDATA[org.openqa.selenium.NoSuchSessionException: A session is either terminated or not started (WARNING: The server did not provide any stacktrace information)
Command duration or timeout: 7 milliseconds
Build info: version: '3.4.0', revision: 'unknown', time: 'unknown'
System info: host: 'Sahils-MBP', ip: '192.168.1.6', os.name: 'Mac OS X', os.arch: 'x86_64', os.version: '10.12.6', java.version: '1.8.0_144'
Driver info: io.appium.java_client.ios.IOSDriver
Capabilities [{networkConnectionEnabled=false, AutomationName=XCUITest, bundleId=com.tekion.cdmsmobileenterprise, databaseEnabled=false, deviceName=Bala's iPhone, platform=MAC, platformVersion=11.0.3, webStorageEnabled=false, locationContextEnabled=false, browserName=, takesScreenshot=true, javascriptEnabled=true, platformName=iOS, udid=4efe4d624506f95c1333db73534c3bac26e92867}]
Session ID: 8663282b-cd14-4ae4-bfbb-d31663c4fcd6
	at org.openqa.selenium.remote.ErrorHandler.createThrowable(ErrorHandler.java:215)
	at org.openqa.selenium.remote.ErrorHandler.throwIfResponseFailed(ErrorHandler.java:167)
	at org.openqa.selenium.remote.RemoteWebDriver.execute(RemoteWebDriver.java:671)
	at io.appium.java_client.DefaultGenericMobileDriver.execute(DefaultGenericMobileDriver.java:51)
	at io.appium.java_client.AppiumDriver.execute(AppiumDriver.java:1)
	at io.appium.java_client.ios.IOSDriver.execute(IOSDriver.java:1)
	at org.openqa.selenium.remote.RemoteWebDriver.executeScript(RemoteWebDriver.java:573)
	at tekion.AddNewCustomer.SCROLLBUSINESS(AddNewCustomer.java:175)
	at tekion.AddNewCustomer.ADDNEWCUSTOMER(AddNewCustomer.java:37)
	at tekion.AddNewCustomerTest.startcheckin(AddNewCustomerTest.java:24)
... Removed 26 stack frames]]>
    </failure>
  </testcase> <!-- startcheckin -->
  <testcase name="startcheckin" time="0.025" classname="tekion.AddNewCustomerTest">
    <failure type="org.openqa.selenium.NoSuchSessionException" message="A session is either terminated or not started (WARNING: The server did not provide any stacktrace information)
Command duration or timeout: 7 milliseconds
Build info: version: &amp;apos;3.4.0&amp;apos;, revision: &amp;apos;unknown&amp;apos;, time: &amp;apos;unknown&amp;apos;
System info: host: &amp;apos;Sahils-MBP&amp;apos;, ip: &amp;apos;192.168.1.6&amp;apos;, os.name: &amp;apos;Mac OS X&amp;apos;, os.arch: &amp;apos;x86_64&amp;apos;, os.version: &amp;apos;10.12.6&amp;apos;, java.version: &amp;apos;1.8.0_144&amp;apos;
Driver info: io.appium.java_client.ios.IOSDriver
Capabilities [{networkConnectionEnabled=false, AutomationName=XCUITest, bundleId=com.tekion.cdmsmobileenterprise, databaseEnabled=false, deviceName=Bala&amp;apos;s iPhone, platform=MAC, platformVersion=11.0.3, webStorageEnabled=false, locationContextEnabled=false, browserName=, takesScreenshot=true, javascriptEnabled=true, platformName=iOS, udid=4efe4d624506f95c1333db73534c3bac26e92867}]
Session ID: 8663282b-cd14-4ae4-bfbb-d31663c4fcd6">
      <![CDATA[org.openqa.selenium.NoSuchSessionException: A session is either terminated or not started (WARNING: The server did not provide any stacktrace information)
Command duration or timeout: 7 milliseconds
Build info: version: '3.4.0', revision: 'unknown', time: 'unknown'
System info: host: 'Sahils-MBP', ip: '192.168.1.6', os.name: 'Mac OS X', os.arch: 'x86_64', os.version: '10.12.6', java.version: '1.8.0_144'
Driver info: io.appium.java_client.ios.IOSDriver
Capabilities [{networkConnectionEnabled=false, AutomationName=XCUITest, bundleId=com.tekion.cdmsmobileenterprise, databaseEnabled=false, deviceName=Bala's iPhone, platform=MAC, platformVersion=11.0.3, webStorageEnabled=false, locationContextEnabled=false, browserName=, takesScreenshot=true, javascriptEnabled=true, platformName=iOS, udid=4efe4d624506f95c1333db73534c3bac26e92867}]
Session ID: 8663282b-cd14-4ae4-bfbb-d31663c4fcd6
	at org.openqa.selenium.remote.ErrorHandler.createThrowable(ErrorHandler.java:215)
	at org.openqa.selenium.remote.ErrorHandler.throwIfResponseFailed(ErrorHandler.java:167)
	at org.openqa.selenium.remote.RemoteWebDriver.execute(RemoteWebDriver.java:671)
	at io.appium.java_client.DefaultGenericMobileDriver.execute(DefaultGenericMobileDriver.java:51)
	at io.appium.java_client.AppiumDriver.execute(AppiumDriver.java:1)
	at io.appium.java_client.ios.IOSDriver.execute(IOSDriver.java:1)
	at org.openqa.selenium.remote.RemoteWebDriver.executeScript(RemoteWebDriver.java:573)
	at tekion.AddNewCustomer.SCROLLBUSINESS(AddNewCustomer.java:175)
	at tekion.AddNewCustomer.ADDNEWCUSTOMER(AddNewCustomer.java:37)
	at tekion.AddNewCustomerTest.startcheckin(AddNewCustomerTest.java:24)
... Removed 26 stack frames]]>
    </failure>
  </testcase> <!-- startcheckin -->
  <testcase name="startcheckin" time="0.024" classname="tekion.AddNewCustomerTest">
    <failure type="org.openqa.selenium.NoSuchSessionException" message="A session is either terminated or not started (WARNING: The server did not provide any stacktrace information)
Command duration or timeout: 6 milliseconds
Build info: version: &amp;apos;3.4.0&amp;apos;, revision: &amp;apos;unknown&amp;apos;, time: &amp;apos;unknown&amp;apos;
System info: host: &amp;apos;Sahils-MBP&amp;apos;, ip: &amp;apos;192.168.1.6&amp;apos;, os.name: &amp;apos;Mac OS X&amp;apos;, os.arch: &amp;apos;x86_64&amp;apos;, os.version: &amp;apos;10.12.6&amp;apos;, java.version: &amp;apos;1.8.0_144&amp;apos;
Driver info: io.appium.java_client.ios.IOSDriver
Capabilities [{networkConnectionEnabled=false, AutomationName=XCUITest, bundleId=com.tekion.cdmsmobileenterprise, databaseEnabled=false, deviceName=Bala&amp;apos;s iPhone, platform=MAC, platformVersion=11.0.3, webStorageEnabled=false, locationContextEnabled=false, browserName=, takesScreenshot=true, javascriptEnabled=true, platformName=iOS, udid=4efe4d624506f95c1333db73534c3bac26e92867}]
Session ID: 8663282b-cd14-4ae4-bfbb-d31663c4fcd6">
      <![CDATA[org.openqa.selenium.NoSuchSessionException: A session is either terminated or not started (WARNING: The server did not provide any stacktrace information)
Command duration or timeout: 6 milliseconds
Build info: version: '3.4.0', revision: 'unknown', time: 'unknown'
System info: host: 'Sahils-MBP', ip: '192.168.1.6', os.name: 'Mac OS X', os.arch: 'x86_64', os.version: '10.12.6', java.version: '1.8.0_144'
Driver info: io.appium.java_client.ios.IOSDriver
Capabilities [{networkConnectionEnabled=false, AutomationName=XCUITest, bundleId=com.tekion.cdmsmobileenterprise, databaseEnabled=false, deviceName=Bala's iPhone, platform=MAC, platformVersion=11.0.3, webStorageEnabled=false, locationContextEnabled=false, browserName=, takesScreenshot=true, javascriptEnabled=true, platformName=iOS, udid=4efe4d624506f95c1333db73534c3bac26e92867}]
Session ID: 8663282b-cd14-4ae4-bfbb-d31663c4fcd6
	at org.openqa.selenium.remote.ErrorHandler.createThrowable(ErrorHandler.java:215)
	at org.openqa.selenium.remote.ErrorHandler.throwIfResponseFailed(ErrorHandler.java:167)
	at org.openqa.selenium.remote.RemoteWebDriver.execute(RemoteWebDriver.java:671)
	at io.appium.java_client.DefaultGenericMobileDriver.execute(DefaultGenericMobileDriver.java:51)
	at io.appium.java_client.AppiumDriver.execute(AppiumDriver.java:1)
	at io.appium.java_client.ios.IOSDriver.execute(IOSDriver.java:1)
	at org.openqa.selenium.remote.RemoteWebDriver.executeScript(RemoteWebDriver.java:573)
	at tekion.AddNewCustomer.SCROLLBUSINESS(AddNewCustomer.java:175)
	at tekion.AddNewCustomer.ADDNEWCUSTOMER(AddNewCustomer.java:37)
	at tekion.AddNewCustomerTest.startcheckin(AddNewCustomerTest.java:24)
... Removed 26 stack frames]]>
    </failure>
  </testcase> <!-- startcheckin -->
  <testcase name="startcheckin" time="0.032" classname="tekion.AddNewCustomerTest">
    <failure type="org.openqa.selenium.NoSuchSessionException" message="A session is either terminated or not started (WARNING: The server did not provide any stacktrace information)
Command duration or timeout: 12 milliseconds
Build info: version: &amp;apos;3.4.0&amp;apos;, revision: &amp;apos;unknown&amp;apos;, time: &amp;apos;unknown&amp;apos;
System info: host: &amp;apos;Sahils-MBP&amp;apos;, ip: &amp;apos;192.168.1.6&amp;apos;, os.name: &amp;apos;Mac OS X&amp;apos;, os.arch: &amp;apos;x86_64&amp;apos;, os.version: &amp;apos;10.12.6&amp;apos;, java.version: &amp;apos;1.8.0_144&amp;apos;
Driver info: io.appium.java_client.ios.IOSDriver
Capabilities [{networkConnectionEnabled=false, AutomationName=XCUITest, bundleId=com.tekion.cdmsmobileenterprise, databaseEnabled=false, deviceName=Bala&amp;apos;s iPhone, platform=MAC, platformVersion=11.0.3, webStorageEnabled=false, locationContextEnabled=false, browserName=, takesScreenshot=true, javascriptEnabled=true, platformName=iOS, udid=4efe4d624506f95c1333db73534c3bac26e92867}]
Session ID: 8663282b-cd14-4ae4-bfbb-d31663c4fcd6">
      <![CDATA[org.openqa.selenium.NoSuchSessionException: A session is either terminated or not started (WARNING: The server did not provide any stacktrace information)
Command duration or timeout: 12 milliseconds
Build info: version: '3.4.0', revision: 'unknown', time: 'unknown'
System info: host: 'Sahils-MBP', ip: '192.168.1.6', os.name: 'Mac OS X', os.arch: 'x86_64', os.version: '10.12.6', java.version: '1.8.0_144'
Driver info: io.appium.java_client.ios.IOSDriver
Capabilities [{networkConnectionEnabled=false, AutomationName=XCUITest, bundleId=com.tekion.cdmsmobileenterprise, databaseEnabled=false, deviceName=Bala's iPhone, platform=MAC, platformVersion=11.0.3, webStorageEnabled=false, locationContextEnabled=false, browserName=, takesScreenshot=true, javascriptEnabled=true, platformName=iOS, udid=4efe4d624506f95c1333db73534c3bac26e92867}]
Session ID: 8663282b-cd14-4ae4-bfbb-d31663c4fcd6
	at org.openqa.selenium.remote.ErrorHandler.createThrowable(ErrorHandler.java:215)
	at org.openqa.selenium.remote.ErrorHandler.throwIfResponseFailed(ErrorHandler.java:167)
	at org.openqa.selenium.remote.RemoteWebDriver.execute(RemoteWebDriver.java:671)
	at io.appium.java_client.DefaultGenericMobileDriver.execute(DefaultGenericMobileDriver.java:51)
	at io.appium.java_client.AppiumDriver.execute(AppiumDriver.java:1)
	at io.appium.java_client.ios.IOSDriver.execute(IOSDriver.java:1)
	at org.openqa.selenium.remote.RemoteWebDriver.executeScript(RemoteWebDriver.java:573)
	at tekion.AddNewCustomer.SCROLLBUSINESS(AddNewCustomer.java:175)
	at tekion.AddNewCustomer.ADDNEWCUSTOMER(AddNewCustomer.java:37)
	at tekion.AddNewCustomerTest.startcheckin(AddNewCustomerTest.java:24)
... Removed 26 stack frames]]>
    </failure>
  </testcase> <!-- startcheckin -->
  <testcase name="startcheckin" time="0.032" classname="tekion.AddNewCustomerTest">
    <failure type="org.openqa.selenium.NoSuchSessionException" message="A session is either terminated or not started (WARNING: The server did not provide any stacktrace information)
Command duration or timeout: 16 milliseconds
Build info: version: &amp;apos;3.4.0&amp;apos;, revision: &amp;apos;unknown&amp;apos;, time: &amp;apos;unknown&amp;apos;
System info: host: &amp;apos;Sahils-MBP&amp;apos;, ip: &amp;apos;192.168.1.6&amp;apos;, os.name: &amp;apos;Mac OS X&amp;apos;, os.arch: &amp;apos;x86_64&amp;apos;, os.version: &amp;apos;10.12.6&amp;apos;, java.version: &amp;apos;1.8.0_144&amp;apos;
Driver info: io.appium.java_client.ios.IOSDriver
Capabilities [{networkConnectionEnabled=false, AutomationName=XCUITest, bundleId=com.tekion.cdmsmobileenterprise, databaseEnabled=false, deviceName=Bala&amp;apos;s iPhone, platform=MAC, platformVersion=11.0.3, webStorageEnabled=false, locationContextEnabled=false, browserName=, takesScreenshot=true, javascriptEnabled=true, platformName=iOS, udid=4efe4d624506f95c1333db73534c3bac26e92867}]
Session ID: 8663282b-cd14-4ae4-bfbb-d31663c4fcd6">
      <![CDATA[org.openqa.selenium.NoSuchSessionException: A session is either terminated or not started (WARNING: The server did not provide any stacktrace information)
Command duration or timeout: 16 milliseconds
Build info: version: '3.4.0', revision: 'unknown', time: 'unknown'
System info: host: 'Sahils-MBP', ip: '192.168.1.6', os.name: 'Mac OS X', os.arch: 'x86_64', os.version: '10.12.6', java.version: '1.8.0_144'
Driver info: io.appium.java_client.ios.IOSDriver
Capabilities [{networkConnectionEnabled=false, AutomationName=XCUITest, bundleId=com.tekion.cdmsmobileenterprise, databaseEnabled=false, deviceName=Bala's iPhone, platform=MAC, platformVersion=11.0.3, webStorageEnabled=false, locationContextEnabled=false, browserName=, takesScreenshot=true, javascriptEnabled=true, platformName=iOS, udid=4efe4d624506f95c1333db73534c3bac26e92867}]
Session ID: 8663282b-cd14-4ae4-bfbb-d31663c4fcd6
	at org.openqa.selenium.remote.ErrorHandler.createThrowable(ErrorHandler.java:215)
	at org.openqa.selenium.remote.ErrorHandler.throwIfResponseFailed(ErrorHandler.java:167)
	at org.openqa.selenium.remote.RemoteWebDriver.execute(RemoteWebDriver.java:671)
	at io.appium.java_client.DefaultGenericMobileDriver.execute(DefaultGenericMobileDriver.java:51)
	at io.appium.java_client.AppiumDriver.execute(AppiumDriver.java:1)
	at io.appium.java_client.ios.IOSDriver.execute(IOSDriver.java:1)
	at org.openqa.selenium.remote.RemoteWebDriver.executeScript(RemoteWebDriver.java:573)
	at tekion.AddNewCustomer.SCROLLBUSINESS(AddNewCustomer.java:175)
	at tekion.AddNewCustomer.ADDNEWCUSTOMER(AddNewCustomer.java:37)
	at tekion.AddNewCustomerTest.startcheckin(AddNewCustomerTest.java:24)
... Removed 26 stack frames]]>
    </failure>
  </testcase> <!-- startcheckin -->
  <testcase name="startcheckin" time="0.051" classname="tekion.AddNewCustomerTest">
    <failure type="org.openqa.selenium.NoSuchSessionException" message="A session is either terminated or not started (WARNING: The server did not provide any stacktrace information)
Command duration or timeout: 6 milliseconds
Build info: version: &amp;apos;3.4.0&amp;apos;, revision: &amp;apos;unknown&amp;apos;, time: &amp;apos;unknown&amp;apos;
System info: host: &amp;apos;Sahils-MBP&amp;apos;, ip: &amp;apos;192.168.1.6&amp;apos;, os.name: &amp;apos;Mac OS X&amp;apos;, os.arch: &amp;apos;x86_64&amp;apos;, os.version: &amp;apos;10.12.6&amp;apos;, java.version: &amp;apos;1.8.0_144&amp;apos;
Driver info: io.appium.java_client.ios.IOSDriver
Capabilities [{networkConnectionEnabled=false, AutomationName=XCUITest, bundleId=com.tekion.cdmsmobileenterprise, databaseEnabled=false, deviceName=Bala&amp;apos;s iPhone, platform=MAC, platformVersion=11.0.3, webStorageEnabled=false, locationContextEnabled=false, browserName=, takesScreenshot=true, javascriptEnabled=true, platformName=iOS, udid=4efe4d624506f95c1333db73534c3bac26e92867}]
Session ID: 8663282b-cd14-4ae4-bfbb-d31663c4fcd6">
      <![CDATA[org.openqa.selenium.NoSuchSessionException: A session is either terminated or not started (WARNING: The server did not provide any stacktrace information)
Command duration or timeout: 6 milliseconds
Build info: version: '3.4.0', revision: 'unknown', time: 'unknown'
System info: host: 'Sahils-MBP', ip: '192.168.1.6', os.name: 'Mac OS X', os.arch: 'x86_64', os.version: '10.12.6', java.version: '1.8.0_144'
Driver info: io.appium.java_client.ios.IOSDriver
Capabilities [{networkConnectionEnabled=false, AutomationName=XCUITest, bundleId=com.tekion.cdmsmobileenterprise, databaseEnabled=false, deviceName=Bala's iPhone, platform=MAC, platformVersion=11.0.3, webStorageEnabled=false, locationContextEnabled=false, browserName=, takesScreenshot=true, javascriptEnabled=true, platformName=iOS, udid=4efe4d624506f95c1333db73534c3bac26e92867}]
Session ID: 8663282b-cd14-4ae4-bfbb-d31663c4fcd6
	at org.openqa.selenium.remote.ErrorHandler.createThrowable(ErrorHandler.java:215)
	at org.openqa.selenium.remote.ErrorHandler.throwIfResponseFailed(ErrorHandler.java:167)
	at org.openqa.selenium.remote.RemoteWebDriver.execute(RemoteWebDriver.java:671)
	at io.appium.java_client.DefaultGenericMobileDriver.execute(DefaultGenericMobileDriver.java:51)
	at io.appium.java_client.AppiumDriver.execute(AppiumDriver.java:1)
	at io.appium.java_client.ios.IOSDriver.execute(IOSDriver.java:1)
	at org.openqa.selenium.remote.RemoteWebDriver.executeScript(RemoteWebDriver.java:573)
	at tekion.AddNewCustomer.SCROLLBUSINESS(AddNewCustomer.java:175)
	at tekion.AddNewCustomer.ADDNEWCUSTOMER(AddNewCustomer.java:37)
	at tekion.AddNewCustomerTest.startcheckin(AddNewCustomerTest.java:24)
... Removed 26 stack frames]]>
    </failure>
  </testcase> <!-- startcheckin -->
  <testcase name="startcheckin" time="0.023" classname="tekion.AddNewCustomerTest">
    <failure type="org.openqa.selenium.NoSuchSessionException" message="A session is either terminated or not started (WARNING: The server did not provide any stacktrace information)
Command duration or timeout: 7 milliseconds
Build info: version: &amp;apos;3.4.0&amp;apos;, revision: &amp;apos;unknown&amp;apos;, time: &amp;apos;unknown&amp;apos;
System info: host: &amp;apos;Sahils-MBP&amp;apos;, ip: &amp;apos;192.168.1.6&amp;apos;, os.name: &amp;apos;Mac OS X&amp;apos;, os.arch: &amp;apos;x86_64&amp;apos;, os.version: &amp;apos;10.12.6&amp;apos;, java.version: &amp;apos;1.8.0_144&amp;apos;
Driver info: io.appium.java_client.ios.IOSDriver
Capabilities [{networkConnectionEnabled=false, AutomationName=XCUITest, bundleId=com.tekion.cdmsmobileenterprise, databaseEnabled=false, deviceName=Bala&amp;apos;s iPhone, platform=MAC, platformVersion=11.0.3, webStorageEnabled=false, locationContextEnabled=false, browserName=, takesScreenshot=true, javascriptEnabled=true, platformName=iOS, udid=4efe4d624506f95c1333db73534c3bac26e92867}]
Session ID: 8663282b-cd14-4ae4-bfbb-d31663c4fcd6">
      <![CDATA[org.openqa.selenium.NoSuchSessionException: A session is either terminated or not started (WARNING: The server did not provide any stacktrace information)
Command duration or timeout: 7 milliseconds
Build info: version: '3.4.0', revision: 'unknown', time: 'unknown'
System info: host: 'Sahils-MBP', ip: '192.168.1.6', os.name: 'Mac OS X', os.arch: 'x86_64', os.version: '10.12.6', java.version: '1.8.0_144'
Driver info: io.appium.java_client.ios.IOSDriver
Capabilities [{networkConnectionEnabled=false, AutomationName=XCUITest, bundleId=com.tekion.cdmsmobileenterprise, databaseEnabled=false, deviceName=Bala's iPhone, platform=MAC, platformVersion=11.0.3, webStorageEnabled=false, locationContextEnabled=false, browserName=, takesScreenshot=true, javascriptEnabled=true, platformName=iOS, udid=4efe4d624506f95c1333db73534c3bac26e92867}]
Session ID: 8663282b-cd14-4ae4-bfbb-d31663c4fcd6
	at org.openqa.selenium.remote.ErrorHandler.createThrowable(ErrorHandler.java:215)
	at org.openqa.selenium.remote.ErrorHandler.throwIfResponseFailed(ErrorHandler.java:167)
	at org.openqa.selenium.remote.RemoteWebDriver.execute(RemoteWebDriver.java:671)
	at io.appium.java_client.DefaultGenericMobileDriver.execute(DefaultGenericMobileDriver.java:51)
	at io.appium.java_client.AppiumDriver.execute(AppiumDriver.java:1)
	at io.appium.java_client.ios.IOSDriver.execute(IOSDriver.java:1)
	at org.openqa.selenium.remote.RemoteWebDriver.executeScript(RemoteWebDriver.java:573)
	at tekion.AddNewCustomer.SCROLLBUSINESS(AddNewCustomer.java:175)
	at tekion.AddNewCustomer.ADDNEWCUSTOMER(AddNewCustomer.java:37)
	at tekion.AddNewCustomerTest.startcheckin(AddNewCustomerTest.java:24)
... Removed 26 stack frames]]>
    </failure>
  </testcase> <!-- startcheckin -->
  <testcase name="startcheckin" time="0.033" classname="tekion.AddNewCustomerTest">
    <failure type="org.openqa.selenium.NoSuchSessionException" message="A session is either terminated or not started (WARNING: The server did not provide any stacktrace information)
Command duration or timeout: 18 milliseconds
Build info: version: &amp;apos;3.4.0&amp;apos;, revision: &amp;apos;unknown&amp;apos;, time: &amp;apos;unknown&amp;apos;
System info: host: &amp;apos;Sahils-MBP&amp;apos;, ip: &amp;apos;192.168.1.6&amp;apos;, os.name: &amp;apos;Mac OS X&amp;apos;, os.arch: &amp;apos;x86_64&amp;apos;, os.version: &amp;apos;10.12.6&amp;apos;, java.version: &amp;apos;1.8.0_144&amp;apos;
Driver info: io.appium.java_client.ios.IOSDriver
Capabilities [{networkConnectionEnabled=false, AutomationName=XCUITest, bundleId=com.tekion.cdmsmobileenterprise, databaseEnabled=false, deviceName=Bala&amp;apos;s iPhone, platform=MAC, platformVersion=11.0.3, webStorageEnabled=false, locationContextEnabled=false, browserName=, takesScreenshot=true, javascriptEnabled=true, platformName=iOS, udid=4efe4d624506f95c1333db73534c3bac26e92867}]
Session ID: 8663282b-cd14-4ae4-bfbb-d31663c4fcd6">
      <![CDATA[org.openqa.selenium.NoSuchSessionException: A session is either terminated or not started (WARNING: The server did not provide any stacktrace information)
Command duration or timeout: 18 milliseconds
Build info: version: '3.4.0', revision: 'unknown', time: 'unknown'
System info: host: 'Sahils-MBP', ip: '192.168.1.6', os.name: 'Mac OS X', os.arch: 'x86_64', os.version: '10.12.6', java.version: '1.8.0_144'
Driver info: io.appium.java_client.ios.IOSDriver
Capabilities [{networkConnectionEnabled=false, AutomationName=XCUITest, bundleId=com.tekion.cdmsmobileenterprise, databaseEnabled=false, deviceName=Bala's iPhone, platform=MAC, platformVersion=11.0.3, webStorageEnabled=false, locationContextEnabled=false, browserName=, takesScreenshot=true, javascriptEnabled=true, platformName=iOS, udid=4efe4d624506f95c1333db73534c3bac26e92867}]
Session ID: 8663282b-cd14-4ae4-bfbb-d31663c4fcd6
	at org.openqa.selenium.remote.ErrorHandler.createThrowable(ErrorHandler.java:215)
	at org.openqa.selenium.remote.ErrorHandler.throwIfResponseFailed(ErrorHandler.java:167)
	at org.openqa.selenium.remote.RemoteWebDriver.execute(RemoteWebDriver.java:671)
	at io.appium.java_client.DefaultGenericMobileDriver.execute(DefaultGenericMobileDriver.java:51)
	at io.appium.java_client.AppiumDriver.execute(AppiumDriver.java:1)
	at io.appium.java_client.ios.IOSDriver.execute(IOSDriver.java:1)
	at org.openqa.selenium.remote.RemoteWebDriver.executeScript(RemoteWebDriver.java:573)
	at tekion.AddNewCustomer.SCROLLBUSINESS(AddNewCustomer.java:175)
	at tekion.AddNewCustomer.ADDNEWCUSTOMER(AddNewCustomer.java:37)
	at tekion.AddNewCustomerTest.startcheckin(AddNewCustomerTest.java:24)
... Removed 26 stack frames]]>
    </failure>
  </testcase> <!-- startcheckin -->
  <testcase name="startcheckin" time="0.035" classname="tekion.AddNewCustomerTest">
    <failure type="org.openqa.selenium.NoSuchSessionException" message="A session is either terminated or not started (WARNING: The server did not provide any stacktrace information)
Command duration or timeout: 15 milliseconds
Build info: version: &amp;apos;3.4.0&amp;apos;, revision: &amp;apos;unknown&amp;apos;, time: &amp;apos;unknown&amp;apos;
System info: host: &amp;apos;Sahils-MBP&amp;apos;, ip: &amp;apos;192.168.1.6&amp;apos;, os.name: &amp;apos;Mac OS X&amp;apos;, os.arch: &amp;apos;x86_64&amp;apos;, os.version: &amp;apos;10.12.6&amp;apos;, java.version: &amp;apos;1.8.0_144&amp;apos;
Driver info: io.appium.java_client.ios.IOSDriver
Capabilities [{networkConnectionEnabled=false, AutomationName=XCUITest, bundleId=com.tekion.cdmsmobileenterprise, databaseEnabled=false, deviceName=Bala&amp;apos;s iPhone, platform=MAC, platformVersion=11.0.3, webStorageEnabled=false, locationContextEnabled=false, browserName=, takesScreenshot=true, javascriptEnabled=true, platformName=iOS, udid=4efe4d624506f95c1333db73534c3bac26e92867}]
Session ID: 8663282b-cd14-4ae4-bfbb-d31663c4fcd6">
      <![CDATA[org.openqa.selenium.NoSuchSessionException: A session is either terminated or not started (WARNING: The server did not provide any stacktrace information)
Command duration or timeout: 15 milliseconds
Build info: version: '3.4.0', revision: 'unknown', time: 'unknown'
System info: host: 'Sahils-MBP', ip: '192.168.1.6', os.name: 'Mac OS X', os.arch: 'x86_64', os.version: '10.12.6', java.version: '1.8.0_144'
Driver info: io.appium.java_client.ios.IOSDriver
Capabilities [{networkConnectionEnabled=false, AutomationName=XCUITest, bundleId=com.tekion.cdmsmobileenterprise, databaseEnabled=false, deviceName=Bala's iPhone, platform=MAC, platformVersion=11.0.3, webStorageEnabled=false, locationContextEnabled=false, browserName=, takesScreenshot=true, javascriptEnabled=true, platformName=iOS, udid=4efe4d624506f95c1333db73534c3bac26e92867}]
Session ID: 8663282b-cd14-4ae4-bfbb-d31663c4fcd6
	at org.openqa.selenium.remote.ErrorHandler.createThrowable(ErrorHandler.java:215)
	at org.openqa.selenium.remote.ErrorHandler.throwIfResponseFailed(ErrorHandler.java:167)
	at org.openqa.selenium.remote.RemoteWebDriver.execute(RemoteWebDriver.java:671)
	at io.appium.java_client.DefaultGenericMobileDriver.execute(DefaultGenericMobileDriver.java:51)
	at io.appium.java_client.AppiumDriver.execute(AppiumDriver.java:1)
	at io.appium.java_client.ios.IOSDriver.execute(IOSDriver.java:1)
	at org.openqa.selenium.remote.RemoteWebDriver.executeScript(RemoteWebDriver.java:573)
	at tekion.AddNewCustomer.SCROLLBUSINESS(AddNewCustomer.java:175)
	at tekion.AddNewCustomer.ADDNEWCUSTOMER(AddNewCustomer.java:37)
	at tekion.AddNewCustomerTest.startcheckin(AddNewCustomerTest.java:24)
... Removed 26 stack frames]]>
    </failure>
  </testcase> <!-- startcheckin -->
  <testcase name="startcheckin" time="0.078" classname="tekion.AddNewCustomerTest">
    <failure type="org.openqa.selenium.NoSuchSessionException" message="A session is either terminated or not started (WARNING: The server did not provide any stacktrace information)
Command duration or timeout: 6 milliseconds
Build info: version: &amp;apos;3.4.0&amp;apos;, revision: &amp;apos;unknown&amp;apos;, time: &amp;apos;unknown&amp;apos;
System info: host: &amp;apos;Sahils-MBP&amp;apos;, ip: &amp;apos;192.168.1.6&amp;apos;, os.name: &amp;apos;Mac OS X&amp;apos;, os.arch: &amp;apos;x86_64&amp;apos;, os.version: &amp;apos;10.12.6&amp;apos;, java.version: &amp;apos;1.8.0_144&amp;apos;
Driver info: io.appium.java_client.ios.IOSDriver
Capabilities [{networkConnectionEnabled=false, AutomationName=XCUITest, bundleId=com.tekion.cdmsmobileenterprise, databaseEnabled=false, deviceName=Bala&amp;apos;s iPhone, platform=MAC, platformVersion=11.0.3, webStorageEnabled=false, locationContextEnabled=false, browserName=, takesScreenshot=true, javascriptEnabled=true, platformName=iOS, udid=4efe4d624506f95c1333db73534c3bac26e92867}]
Session ID: 8663282b-cd14-4ae4-bfbb-d31663c4fcd6">
      <![CDATA[org.openqa.selenium.NoSuchSessionException: A session is either terminated or not started (WARNING: The server did not provide any stacktrace information)
Command duration or timeout: 6 milliseconds
Build info: version: '3.4.0', revision: 'unknown', time: 'unknown'
System info: host: 'Sahils-MBP', ip: '192.168.1.6', os.name: 'Mac OS X', os.arch: 'x86_64', os.version: '10.12.6', java.version: '1.8.0_144'
Driver info: io.appium.java_client.ios.IOSDriver
Capabilities [{networkConnectionEnabled=false, AutomationName=XCUITest, bundleId=com.tekion.cdmsmobileenterprise, databaseEnabled=false, deviceName=Bala's iPhone, platform=MAC, platformVersion=11.0.3, webStorageEnabled=false, locationContextEnabled=false, browserName=, takesScreenshot=true, javascriptEnabled=true, platformName=iOS, udid=4efe4d624506f95c1333db73534c3bac26e92867}]
Session ID: 8663282b-cd14-4ae4-bfbb-d31663c4fcd6
	at org.openqa.selenium.remote.ErrorHandler.createThrowable(ErrorHandler.java:215)
	at org.openqa.selenium.remote.ErrorHandler.throwIfResponseFailed(ErrorHandler.java:167)
	at org.openqa.selenium.remote.RemoteWebDriver.execute(RemoteWebDriver.java:671)
	at io.appium.java_client.DefaultGenericMobileDriver.execute(DefaultGenericMobileDriver.java:51)
	at io.appium.java_client.AppiumDriver.execute(AppiumDriver.java:1)
	at io.appium.java_client.ios.IOSDriver.execute(IOSDriver.java:1)
	at org.openqa.selenium.remote.RemoteWebDriver.executeScript(RemoteWebDriver.java:573)
	at tekion.AddNewCustomer.SCROLLBUSINESS(AddNewCustomer.java:175)
	at tekion.AddNewCustomer.ADDNEWCUSTOMER(AddNewCustomer.java:37)
	at tekion.AddNewCustomerTest.startcheckin(AddNewCustomerTest.java:24)
... Removed 26 stack frames]]>
    </failure>
  </testcase> <!-- startcheckin -->
  <testcase name="startcheckin" time="0.027" classname="tekion.AddNewCustomerTest">
    <failure type="org.openqa.selenium.NoSuchSessionException" message="A session is either terminated or not started (WARNING: The server did not provide any stacktrace information)
Command duration or timeout: 8 milliseconds
Build info: version: &amp;apos;3.4.0&amp;apos;, revision: &amp;apos;unknown&amp;apos;, time: &amp;apos;unknown&amp;apos;
System info: host: &amp;apos;Sahils-MBP&amp;apos;, ip: &amp;apos;192.168.1.6&amp;apos;, os.name: &amp;apos;Mac OS X&amp;apos;, os.arch: &amp;apos;x86_64&amp;apos;, os.version: &amp;apos;10.12.6&amp;apos;, java.version: &amp;apos;1.8.0_144&amp;apos;
Driver info: io.appium.java_client.ios.IOSDriver
Capabilities [{networkConnectionEnabled=false, AutomationName=XCUITest, bundleId=com.tekion.cdmsmobileenterprise, databaseEnabled=false, deviceName=Bala&amp;apos;s iPhone, platform=MAC, platformVersion=11.0.3, webStorageEnabled=false, locationContextEnabled=false, browserName=, takesScreenshot=true, javascriptEnabled=true, platformName=iOS, udid=4efe4d624506f95c1333db73534c3bac26e92867}]
Session ID: 8663282b-cd14-4ae4-bfbb-d31663c4fcd6">
      <![CDATA[org.openqa.selenium.NoSuchSessionException: A session is either terminated or not started (WARNING: The server did not provide any stacktrace information)
Command duration or timeout: 8 milliseconds
Build info: version: '3.4.0', revision: 'unknown', time: 'unknown'
System info: host: 'Sahils-MBP', ip: '192.168.1.6', os.name: 'Mac OS X', os.arch: 'x86_64', os.version: '10.12.6', java.version: '1.8.0_144'
Driver info: io.appium.java_client.ios.IOSDriver
Capabilities [{networkConnectionEnabled=false, AutomationName=XCUITest, bundleId=com.tekion.cdmsmobileenterprise, databaseEnabled=false, deviceName=Bala's iPhone, platform=MAC, platformVersion=11.0.3, webStorageEnabled=false, locationContextEnabled=false, browserName=, takesScreenshot=true, javascriptEnabled=true, platformName=iOS, udid=4efe4d624506f95c1333db73534c3bac26e92867}]
Session ID: 8663282b-cd14-4ae4-bfbb-d31663c4fcd6
	at org.openqa.selenium.remote.ErrorHandler.createThrowable(ErrorHandler.java:215)
	at org.openqa.selenium.remote.ErrorHandler.throwIfResponseFailed(ErrorHandler.java:167)
	at org.openqa.selenium.remote.RemoteWebDriver.execute(RemoteWebDriver.java:671)
	at io.appium.java_client.DefaultGenericMobileDriver.execute(DefaultGenericMobileDriver.java:51)
	at io.appium.java_client.AppiumDriver.execute(AppiumDriver.java:1)
	at io.appium.java_client.ios.IOSDriver.execute(IOSDriver.java:1)
	at org.openqa.selenium.remote.RemoteWebDriver.executeScript(RemoteWebDriver.java:573)
	at tekion.AddNewCustomer.SCROLLBUSINESS(AddNewCustomer.java:175)
	at tekion.AddNewCustomer.ADDNEWCUSTOMER(AddNewCustomer.java:37)
	at tekion.AddNewCustomerTest.startcheckin(AddNewCustomerTest.java:24)
... Removed 26 stack frames]]>
    </failure>
  </testcase> <!-- startcheckin -->
  <testcase name="startcheckin" time="0.04" classname="tekion.AddNewCustomerTest">
    <failure type="org.openqa.selenium.NoSuchSessionException" message="A session is either terminated or not started (WARNING: The server did not provide any stacktrace information)
Command duration or timeout: 16 milliseconds
Build info: version: &amp;apos;3.4.0&amp;apos;, revision: &amp;apos;unknown&amp;apos;, time: &amp;apos;unknown&amp;apos;
System info: host: &amp;apos;Sahils-MBP&amp;apos;, ip: &amp;apos;192.168.1.6&amp;apos;, os.name: &amp;apos;Mac OS X&amp;apos;, os.arch: &amp;apos;x86_64&amp;apos;, os.version: &amp;apos;10.12.6&amp;apos;, java.version: &amp;apos;1.8.0_144&amp;apos;
Driver info: io.appium.java_client.ios.IOSDriver
Capabilities [{networkConnectionEnabled=false, AutomationName=XCUITest, bundleId=com.tekion.cdmsmobileenterprise, databaseEnabled=false, deviceName=Bala&amp;apos;s iPhone, platform=MAC, platformVersion=11.0.3, webStorageEnabled=false, locationContextEnabled=false, browserName=, takesScreenshot=true, javascriptEnabled=true, platformName=iOS, udid=4efe4d624506f95c1333db73534c3bac26e92867}]
Session ID: 8663282b-cd14-4ae4-bfbb-d31663c4fcd6">
      <![CDATA[org.openqa.selenium.NoSuchSessionException: A session is either terminated or not started (WARNING: The server did not provide any stacktrace information)
Command duration or timeout: 16 milliseconds
Build info: version: '3.4.0', revision: 'unknown', time: 'unknown'
System info: host: 'Sahils-MBP', ip: '192.168.1.6', os.name: 'Mac OS X', os.arch: 'x86_64', os.version: '10.12.6', java.version: '1.8.0_144'
Driver info: io.appium.java_client.ios.IOSDriver
Capabilities [{networkConnectionEnabled=false, AutomationName=XCUITest, bundleId=com.tekion.cdmsmobileenterprise, databaseEnabled=false, deviceName=Bala's iPhone, platform=MAC, platformVersion=11.0.3, webStorageEnabled=false, locationContextEnabled=false, browserName=, takesScreenshot=true, javascriptEnabled=true, platformName=iOS, udid=4efe4d624506f95c1333db73534c3bac26e92867}]
Session ID: 8663282b-cd14-4ae4-bfbb-d31663c4fcd6
	at org.openqa.selenium.remote.ErrorHandler.createThrowable(ErrorHandler.java:215)
	at org.openqa.selenium.remote.ErrorHandler.throwIfResponseFailed(ErrorHandler.java:167)
	at org.openqa.selenium.remote.RemoteWebDriver.execute(RemoteWebDriver.java:671)
	at io.appium.java_client.DefaultGenericMobileDriver.execute(DefaultGenericMobileDriver.java:51)
	at io.appium.java_client.AppiumDriver.execute(AppiumDriver.java:1)
	at io.appium.java_client.ios.IOSDriver.execute(IOSDriver.java:1)
	at org.openqa.selenium.remote.RemoteWebDriver.executeScript(RemoteWebDriver.java:573)
	at tekion.AddNewCustomer.SCROLLBUSINESS(AddNewCustomer.java:175)
	at tekion.AddNewCustomer.ADDNEWCUSTOMER(AddNewCustomer.java:37)
	at tekion.AddNewCustomerTest.startcheckin(AddNewCustomerTest.java:24)
... Removed 26 stack frames]]>
    </failure>
  </testcase> <!-- startcheckin -->
  <testcase name="startcheckin" time="0.042" classname="tekion.AddNewCustomerTest">
    <failure type="org.openqa.selenium.NoSuchSessionException" message="A session is either terminated or not started (WARNING: The server did not provide any stacktrace information)
Command duration or timeout: 15 milliseconds
Build info: version: &amp;apos;3.4.0&amp;apos;, revision: &amp;apos;unknown&amp;apos;, time: &amp;apos;unknown&amp;apos;
System info: host: &amp;apos;Sahils-MBP&amp;apos;, ip: &amp;apos;192.168.1.6&amp;apos;, os.name: &amp;apos;Mac OS X&amp;apos;, os.arch: &amp;apos;x86_64&amp;apos;, os.version: &amp;apos;10.12.6&amp;apos;, java.version: &amp;apos;1.8.0_144&amp;apos;
Driver info: io.appium.java_client.ios.IOSDriver
Capabilities [{networkConnectionEnabled=false, AutomationName=XCUITest, bundleId=com.tekion.cdmsmobileenterprise, databaseEnabled=false, deviceName=Bala&amp;apos;s iPhone, platform=MAC, platformVersion=11.0.3, webStorageEnabled=false, locationContextEnabled=false, browserName=, takesScreenshot=true, javascriptEnabled=true, platformName=iOS, udid=4efe4d624506f95c1333db73534c3bac26e92867}]
Session ID: 8663282b-cd14-4ae4-bfbb-d31663c4fcd6">
      <![CDATA[org.openqa.selenium.NoSuchSessionException: A session is either terminated or not started (WARNING: The server did not provide any stacktrace information)
Command duration or timeout: 15 milliseconds
Build info: version: '3.4.0', revision: 'unknown', time: 'unknown'
System info: host: 'Sahils-MBP', ip: '192.168.1.6', os.name: 'Mac OS X', os.arch: 'x86_64', os.version: '10.12.6', java.version: '1.8.0_144'
Driver info: io.appium.java_client.ios.IOSDriver
Capabilities [{networkConnectionEnabled=false, AutomationName=XCUITest, bundleId=com.tekion.cdmsmobileenterprise, databaseEnabled=false, deviceName=Bala's iPhone, platform=MAC, platformVersion=11.0.3, webStorageEnabled=false, locationContextEnabled=false, browserName=, takesScreenshot=true, javascriptEnabled=true, platformName=iOS, udid=4efe4d624506f95c1333db73534c3bac26e92867}]
Session ID: 8663282b-cd14-4ae4-bfbb-d31663c4fcd6
	at org.openqa.selenium.remote.ErrorHandler.createThrowable(ErrorHandler.java:215)
	at org.openqa.selenium.remote.ErrorHandler.throwIfResponseFailed(ErrorHandler.java:167)
	at org.openqa.selenium.remote.RemoteWebDriver.execute(RemoteWebDriver.java:671)
	at io.appium.java_client.DefaultGenericMobileDriver.execute(DefaultGenericMobileDriver.java:51)
	at io.appium.java_client.AppiumDriver.execute(AppiumDriver.java:1)
	at io.appium.java_client.ios.IOSDriver.execute(IOSDriver.java:1)
	at org.openqa.selenium.remote.RemoteWebDriver.executeScript(RemoteWebDriver.java:573)
	at tekion.AddNewCustomer.SCROLLBUSINESS(AddNewCustomer.java:175)
	at tekion.AddNewCustomer.ADDNEWCUSTOMER(AddNewCustomer.java:37)
	at tekion.AddNewCustomerTest.startcheckin(AddNewCustomerTest.java:24)
... Removed 26 stack frames]]>
    </failure>
  </testcase> <!-- startcheckin -->
  <testcase name="startcheckin" time="0.031" classname="tekion.AddNewCustomerTest">
    <failure type="org.openqa.selenium.NoSuchSessionException" message="A session is either terminated or not started (WARNING: The server did not provide any stacktrace information)
[...]
Driver info: io.appium.java_client.ios.IOSDriver
Capabilities [{networkConnectionEnabled=false, AutomationName=XCUITest, bundleId=com.tekion.cdmsmobileenterprise, databaseEnabled=false, deviceName=Bala&amp;apos;s iPhone, platform=MAC, platformVersion=11.0.3, webStorageEnabled=false, locationContextEnabled=false, browserName=, takesScreenshot=true, javascriptEnabled=true, platformName=iOS, udid=4efe4d624506f95c1333db73534c3bac26e92867}]
Session ID: 8663282b-cd14-4ae4-bfbb-d31663c4fcd6">
      <![CDATA[org.openqa.selenium.NoSuchSessionException: A session is either terminated or not started (WARNING: The server did not provide any stacktrace information)
Command duration or timeout: 6 milliseconds
Build info: version: '3.4.0', revision: 'unknown', time: 'unknown'
System info: host: 'Sahils-MBP', ip: '192.168.1.6', os.name: 'Mac OS X', os.arch: 'x86_64', os.version: '10.12.6', java.version: '1.8.0_144'
Driver info: io.appium.java_client.ios.IOSDriver
Capabilities [{networkConnectionEnabled=false, AutomationName=XCUITest, bundleId=com.tekion.cdmsmobileenterprise, databaseEnabled=false, deviceName=Bala's iPhone, platform=MAC, platformVersion=11.0.3, webStorageEnabled=false, locationContextEnabled=false, browserName=, takesScreenshot=true, javascriptEnabled=true, platformName=iOS, udid=4efe4d624506f95c1333db73534c3bac26e92867}]
Session ID: 8663282b-cd14-4ae4-bfbb-d31663c4fcd6
	at org.openqa.selenium.remote.ErrorHandler.createThrowable(ErrorHandler.java:215)
	at org.openqa.selenium.remote.ErrorHandler.throwIfResponseFailed(ErrorHandler.java:167)
	at org.openqa.selenium.remote.RemoteWebDriver.execute(RemoteWebDriver.java:671)
	at io.appium.java_client.DefaultGenericMobileDriver.execute(DefaultGenericMobileDriver.java:51)
	at io.appium.java_client.AppiumDriver.execute(AppiumDriver.java:1)
	at io.appium.java_client.ios.IOSDriver.execute(IOSDriver.java:1)
	at org.openqa.selenium.remote.RemoteWebDriver.executeScript(RemoteWebDriver.java:573)
	at tekion.AddNewCustomer.SCROLLBUSINESS(AddNewCustomer.java:175)
	at tekion.AddNewCustomer.ADDNEWCUSTOMER(AddNewCustomer.java:37)
	at tekion.AddNewCustomerTest.startcheckin(AddNewCustomerTest.java:24)
... Removed 26 stack frames]]>
    </failure>
  </testcase> <!-- startcheckin -->
  <testcase name="startcheckin" time="0.038" classname="tekion.AddNewCustomerTest">
    <failure type="org.openqa.selenium.NoSuchSessionException" message="A session is either terminated or not started (WARNING: The server did not provide any stacktrace information)
Command duration or timeout: 8 milliseconds
Build info: version: &amp;apos;3.4.0&amp;apos;, revision: &amp;apos;unknown&amp;apos;, time: &amp;apos;unknown&amp;apos;
System info: host: &amp;apos;Sahils-MBP&amp;apos;, ip: &amp;apos;192.168.1.6&amp;apos;, os.name: &amp;apos;Mac OS X&amp;apos;, os.arch: &amp;apos;x86_64&amp;apos;, os.version: &amp;apos;10.12.6&amp;apos;, java.version: &amp;apos;1.8.0_144&amp;apos;
Driver info: io.appium.java_client.ios.IOSDriver
Capabilities [{networkConnectionEnabled=false, AutomationName=XCUITest, bundleId=com.tekion.cdmsmobileenterprise, databaseEnabled=false, deviceName=Bala&amp;apos;s iPhone, platform=MAC, platformVersion=11.0.3, webStorageEnabled=false, locationContextEnabled=false, browserName=, takesScreenshot=true, javascriptEnabled=true, platformName=iOS, udid=4efe4d624506f95c1333db73534c3bac26e92867}]
Session ID: 8663282b-cd14-4ae4-bfbb-d31663c4fcd6">
      <![CDATA[org.openqa.selenium.NoSuchSessionException: A session is either terminated or not started (WARNING: The server did not provide any stacktrace information)
Command duration or timeout: 8 milliseconds
Build info: version: '3.4.0', revision: 'unknown', time: 'unknown'
System info: host: 'Sahils-MBP', ip: '192.168.1.6', os.name: 'Mac OS X', os.arch: 'x86_64', os.version: '10.12.6', java.version: '1.8.0_144'
Driver info: io.appium.java_client.ios.IOSDriver
Capabilities [{networkConnectionEnabled=false, AutomationName=XCUITest, bundleId=com.tekion.cdmsmobileenterprise, databaseEnabled=false, deviceName=Bala's iPhone, platform=MAC, platformVersion=11.0.3, webStorageEnabled=false, locationContextEnabled=false, browserName=, takesScreenshot=true, javascriptEnabled=true, platformName=iOS, udid=4efe4d624506f95c1333db73534c3bac26e92867}]
Session ID: 8663282b-cd14-4ae4-bfbb-d31663c4fcd6
	at org.openqa.selenium.remote.ErrorHandler.createThrowable(ErrorHandler.java:215)
	at org.openqa.selenium.remote.ErrorHandler.throwIfResponseFailed(ErrorHandler.java:167)
	at org.openqa.selenium.remote.RemoteWebDriver.execute(RemoteWebDriver.java:671)
	at io.appium.java_client.DefaultGenericMobileDriver.execute(DefaultGenericMobileDriver.java:51)
	at io.appium.java_client.AppiumDriver.execute(AppiumDriver.java:1)
	at io.appium.java_client.ios.IOSDriver.execute(IOSDriver.java:1)
	at org.openqa.selenium.remote.RemoteWebDriver.executeScript(RemoteWebDriver.java:573)
	at tekion.AddNewCustomer.SCROLLBUSINESS(AddNewCustomer.java:175)
	at tekion.AddNewCustomer.ADDNEWCUSTOMER(AddNewCustomer.java:37)
	at tekion.AddNewCustomerTest.startcheckin(AddNewCustomerTest.java:24)
... Removed 26 stack frames]]>
    </failure>
  </testcase> <!-- startcheckin -->
  <testcase name="startcheckin" time="0.02" classname="tekion.AddNewCustomerTest">
    <failure type="org.openqa.selenium.NoSuchSessionException" message="A session is either terminated or not started (WARNING: The server did not provide any stacktrace information)
Command duration or timeout: 5 milliseconds
Build info: version: &amp;apos;3.4.0&amp;apos;, revision: &amp;apos;unknown&amp;apos;, time: &amp;apos;unknown&amp;apos;
System info: host: &amp;apos;Sahils-MBP&amp;apos;, ip: &amp;apos;192.168.1.6&amp;apos;, os.name: &amp;apos;Mac OS X&amp;apos;, os.arch: &amp;apos;x86_64&amp;apos;, os.version: &amp;apos;10.12.6&amp;apos;, java.version: &amp;apos;1.8.0_144&amp;apos;
Driver info: io.appium.java_client.ios.IOSDriver
Capabilities [{networkConnectionEnabled=false, AutomationName=XCUITest, bundleId=com.tekion.cdmsmobileenterprise, databaseEnabled=false, deviceName=Bala&amp;apos;s iPhone, platform=MAC, platformVersion=11.0.3, webStorageEnabled=false, locationContextEnabled=false, browserName=, takesScreenshot=true, javascriptEnabled=true, platformName=iOS, udid=4efe4d624506f95c1333db73534c3bac26e92867}]
Session ID: 8663282b-cd14-4ae4-bfbb-d31663c4fcd6">
      <![CDATA[org.openqa.selenium.NoSuchSessionException: A session is either terminated or not started (WARNING: The server did not provide any stacktrace information)
Command duration or timeout: 5 milliseconds
Build info: version: '3.4.0', revision: 'unknown', time: 'unknown'
System info: host: 'Sahils-MBP', ip: '192.168.1.6', os.name: 'Mac OS X', os.arch: 'x86_64', os.version: '10.12.6', java.version: '1.8.0_144'
Driver info: io.appium.java_client.ios.IOSDriver
Capabilities [{networkConnectionEnabled=false, AutomationName=XCUITest, bundleId=com.tekion.cdmsmobileenterprise, databaseEnabled=false, deviceName=Bala's iPhone, platform=MAC, platformVersion=11.0.3, webStorageEnabled=false, locationContextEnabled=false, browserName=, takesScreenshot=true, javascriptEnabled=true, platformName=iOS, udid=4efe4d624506f95c1333db73534c3bac26e92867}]
Session ID: 8663282b-cd14-4ae4-bfbb-d31663c4fcd6
	at org.openqa.selenium.remote.ErrorHandler.createThrowable(ErrorHandler.java:215)
	at org.openqa.selenium.remote.ErrorHandler.throwIfResponseFailed(ErrorHandler.java:167)
	at org.openqa.selenium.remote.RemoteWebDriver.execute(RemoteWebDriver.java:671)
	at io.appium.java_client.DefaultGenericMobileDriver.execute(DefaultGenericMobileDriver.java:51)
	at io.appium.java_client.AppiumDriver.execute(AppiumDriver.java:1)
	at io.appium.java_client.ios.IOSDriver.execute(IOSDriver.java:1)
	at org.openqa.selenium.remote.RemoteWebDriver.executeScript(RemoteWebDriver.java:573)
	at tekion.AddNewCustomer.SCROLLBUSINESS(AddNewCustomer.java:175)
	at tekion.AddNewCustomer.ADDNEWCUSTOMER(AddNewCustomer.java:37)
	at tekion.AddNewCustomerTest.startcheckin(AddNewCustomerTest.java:24)
... Removed 26 stack frames]]>
    </failure>
  </testcase> <!-- startcheckin -->
  <testcase name="startcheckin" time="0.019" classname="tekion.AddNewCustomerTest">
    <failure type="org.openqa.selenium.NoSuchSessionException" message="A session is either terminated or not started (WARNING: The server did not provide any stacktrace information)
Command duration or timeout: 6 milliseconds
Build info: version: &amp;apos;3.4.0&amp;apos;, revision: &amp;apos;unknown&amp;apos;, time: &amp;apos;unknown&amp;apos;
System info: host: &amp;apos;Sahils-MBP&amp;apos;, ip: &amp;apos;192.168.1.6&amp;apos;, os.name: &amp;apos;Mac OS X&amp;apos;, os.arch: &amp;apos;x86_64&amp;apos;, os.version: &amp;apos;10.12.6&amp;apos;, java.version: &amp;apos;1.8.0_144&amp;apos;
Driver info: io.appium.java_client.ios.IOSDriver
Capabilities [{networkConnectionEnabled=false, AutomationName=XCUITest, bundleId=com.tekion.cdmsmobileenterprise, databaseEnabled=false, deviceName=Bala&amp;apos;s iPhone, platform=MAC, platformVersion=11.0.3, webStorageEnabled=false, locationContextEnabled=false, browserName=, takesScreenshot=true, javascriptEnabled=true, platformName=iOS, udid=4efe4d624506f95c1333db73534c3bac26e92867}]
Session ID: 8663282b-cd14-4ae4-bfbb-d31663c4fcd6">
      <![CDATA[org.openqa.selenium.NoSuchSessionException: A session is either terminated or not started (WARNING: The server did not provide any stacktrace information)
Command duration or timeout: 6 milliseconds
Build info: version: '3.4.0', revision: 'unknown', time: 'unknown'
System info: host: 'Sahils-MBP', ip: '192.168.1.6', os.name: 'Mac OS X', os.arch: 'x86_64', os.version: '10.12.6', java.version: '1.8.0_144'
Driver info: io.appium.java_client.ios.IOSDriver
Capabilities [{networkConnectionEnabled=false, AutomationName=XCUITest, bundleId=com.tekion.cdmsmobileenterprise, databaseEnabled=false, deviceName=Bala's iPhone, platform=MAC, platformVersion=11.0.3, webStorageEnabled=false, locationContextEnabled=false, browserName=, takesScreenshot=true, javascriptEnabled=true, platformName=iOS, udid=4efe4d624506f95c1333db73534c3bac26e92867}]
Session ID: 8663282b-cd14-4ae4-bfbb-d31663c4fcd6
	at org.openqa.selenium.remote.ErrorHandler.createThrowable(ErrorHandler.java:215)
	at org.openqa.selenium.remote.ErrorHandler.throwIfResponseFailed(ErrorHandler.java:167)
	at org.openqa.selenium.remote.RemoteWebDriver.execute(RemoteWebDriver.java:671)
	at io.appium.java_client.DefaultGenericMobileDriver.execute(DefaultGenericMobileDriver.java:51)
	at io.appium.java_client.AppiumDriver.execute(AppiumDriver.java:1)
	at io.appium.java_client.ios.IOSDriver.execute(IOSDriver.java:1)
	at org.openqa.selenium.remote.RemoteWebDriver.executeScript(RemoteWebDriver.java:573)
	at tekion.AddNewCustomer.SCROLLBUSINESS(AddNewCustomer.java:175)
	at tekion.AddNewCustomer.ADDNEWCUSTOMER(AddNewCustomer.java:37)
	at tekion.AddNewCustomerTest.startcheckin(AddNewCustomerTest.java:24)
... Removed 26 stack frames]]>
    </failure>
  </testcase> <!-- startcheckin -->
  <testcase name="startcheckin" time="0.021" classname="tekion.AddNewCustomerTest">
    <failure type="org.openqa.selenium.NoSuchSessionException" message="A session is either terminated or not started (WARNING: The server did not provide any stacktrace information)
Command duration or timeout: 6 milliseconds
Build info: version: &amp;apos;3.4.0&amp;apos;, revision: &amp;apos;unknown&amp;apos;, time: &amp;apos;unknown&amp;apos;
System info: host: &amp;apos;Sahils-MBP&amp;apos;, ip: &amp;apos;192.168.1.6&amp;apos;, os.name: &amp;apos;Mac OS X&amp;apos;, os.arch: &amp;apos;x86_64&amp;apos;, os.version: &amp;apos;10.12.6&amp;apos;, java.version: &amp;apos;1.8.0_144&amp;apos;
Driver info: io.appium.java_client.ios.IOSDriver
Capabilities [{networkConnectionEnabled=false, AutomationName=XCUITest, bundleId=com.tekion.cdmsmobileenterprise, databaseEnabled=false, deviceName=Bala&amp;apos;s iPhone, platform=MAC, platformVersion=11.0.3, webStorageEnabled=false, locationContextEnabled=false, browserName=, takesScreenshot=true, javascriptEnabled=true, platformName=iOS, udid=4efe4d624506f95c1333db73534c3bac26e92867}]
Session ID: 8663282b-cd14-4ae4-bfbb-d31663c4fcd6">
      <![CDATA[org.openqa.selenium.NoSuchSessionException: A session is either terminated or not started (WARNING: The server did not provide any stacktrace information)
Command duration or timeout: 6 milliseconds
Build info: version: '3.4.0', revision: 'unknown', time: 'unknown'
System info: host: 'Sahils-MBP', ip: '192.168.1.6', os.name: 'Mac OS X', os.arch: 'x86_64', os.version: '10.12.6', java.version: '1.8.0_144'
Driver info: io.appium.java_client.ios.IOSDriver
Capabilities [{networkConnectionEnabled=false, AutomationName=XCUITest, bundleId=com.tekion.cdmsmobileenterprise, databaseEnabled=false, deviceName=Bala's iPhone, platform=MAC, platformVersion=11.0.3, webStorageEnabled=false, locationContextEnabled=false, browserName=, takesScreenshot=true, javascriptEnabled=true, platformName=iOS, udid=4efe4d624506f95c1333db73534c3bac26e92867}]
Session ID: 8663282b-cd14-4ae4-bfbb-d31663c4fcd6
	at org.openqa.selenium.remote.ErrorHandler.createThrowable(ErrorHandler.java:215)
	at org.openqa.selenium.remote.ErrorHandler.throwIfResponseFailed(ErrorHandler.java:167)
	at org.openqa.selenium.remote.RemoteWebDriver.execute(RemoteWebDriver.java:671)
	at io.appium.java_client.DefaultGenericMobileDriver.execute(DefaultGenericMobileDriver.java:51)
	at io.appium.java_client.AppiumDriver.execute(AppiumDriver.java:1)
	at io.appium.java_client.ios.IOSDriver.execute(IOSDriver.java:1)
	at org.openqa.selenium.remote.RemoteWebDriver.executeScript(RemoteWebDriver.java:573)
	at tekion.AddNewCustomer.SCROLLBUSINESS(AddNewCustomer.java:175)
	at tekion.AddNewCustomer.ADDNEWCUSTOMER(AddNewCustomer.java:37)
	at tekion.AddNewCustomerTest.startcheckin(AddNewCustomerTest.java:24)
... Removed 26 stack frames]]>
    </failure>
  </testcase> <!-- startcheckin -->
  <testcase name="startcheckin" time="0.017" classname="tekion.AddNewCustomerTest">
    <failure type="org.openqa.selenium.NoSuchSessionException" message="A session is either terminated or not started (WARNING: The server did not provide any stacktrace information)
Command duration or timeout: 5 milliseconds
Build info: version: &amp;apos;3.4.0&amp;apos;, revision: &amp;apos;unknown&amp;apos;, time: &amp;apos;unknown&amp;apos;
System info: host: &amp;apos;Sahils-MBP&amp;apos;, ip: &amp;apos;192.168.1.6&amp;apos;, os.name: &amp;apos;Mac OS X&amp;apos;, os.arch: &amp;apos;x86_64&amp;apos;, os.version: &amp;apos;10.12.6&amp;apos;, java.version: &amp;apos;1.8.0_144&amp;apos;
Driver info: io.appium.java_client.ios.IOSDriver
Capabilities [{networkConnectionEnabled=false, AutomationName=XCUITest, bundleId=com.tekion.cdmsmobileenterprise, databaseEnabled=false, deviceName=Bala&amp;apos;s iPhone, platform=MAC, platformVersion=11.0.3, webStorageEnabled=false, locationContextEnabled=false, browserName=, takesScreenshot=true, javascriptEnabled=true, platformName=iOS, udid=4efe4d624506f95c1333db73534c3bac26e92867}]
Session ID: 8663282b-cd14-4ae4-bfbb-d31663c4fcd6">
      <![CDATA[org.openqa.selenium.NoSuchSessionException: A session is either terminated or not started (WARNING: The server did not provide any stacktrace information)
Command duration or timeout: 5 milliseconds
Build info: version: '3.4.0', revision: 'unknown', time: 'unknown'
System info: host: 'Sahils-MBP', ip: '192.168.1.6', os.name: 'Mac OS X', os.arch: 'x86_64', os.version: '10.12.6', java.version: '1.8.0_144'
Driver info: io.appium.java_client.ios.IOSDriver
Capabilities [{networkConnectionEnabled=false, AutomationName=XCUITest, bundleId=com.tekion.cdmsmobileenterprise, databaseEnabled=false, deviceName=Bala's iPhone, platform=MAC, platformVersion=11.0.3, webStorageEnabled=false, locationContextEnabled=false, browserName=, takesScreenshot=true, javascriptEnabled=true, platformName=iOS, udid=4efe4d624506f95c1333db73534c3bac26e92867}]
Session ID: 8663282b-cd14-4ae4-bfbb-d31663c4fcd6
	at org.openqa.selenium.remote.ErrorHandler.createThrowable(ErrorHandler.java:215)
	at org.openqa.selenium.remote.ErrorHandler.throwIfResponseFailed(ErrorHandler.java:167)
	at org.openqa.selenium.remote.RemoteWebDriver.execute(RemoteWebDriver.java:671)
	at io.appium.java_client.DefaultGenericMobileDriver.execute(DefaultGenericMobileDriver.java:51)
	at io.appium.java_client.AppiumDriver.execute(AppiumDriver.java:1)
	at io.appium.java_client.ios.IOSDriver.execute(IOSDriver.java:1)
	at org.openqa.selenium.remote.RemoteWebDriver.executeScript(RemoteWebDriver.java:573)
	at tekion.AddNewCustomer.SCROLLBUSINESS(AddNewCustomer.java:175)
	at tekion.AddNewCustomer.ADDNEWCUSTOMER(AddNewCustomer.java:37)
	at tekion.AddNewCustomerTest.startcheckin(AddNewCustomerTest.java:24)
... Removed 26 stack frames]]>
    </failure>
  </testcase> <!-- startcheckin -->
  <testcase name="startcheckin" time="0.02" classname="tekion.AddNewCustomerTest">
    <failure type="org.openqa.selenium.NoSuchSessionException" message="A session is either terminated or not started (WARNING: The server did not provide any stacktrace information)
Command duration or timeout: 4 milliseconds
Build info: version: &amp;apos;3.4.0&amp;apos;, revision: &amp;apos;unknown&amp;apos;, time: &amp;apos;unknown&amp;apos;
System info: host: &amp;apos;Sahils-MBP&amp;apos;, ip: &amp;apos;192.168.1.6&amp;apos;, os.name: &amp;apos;Mac OS X&amp;apos;, os.arch: &amp;apos;x86_64&amp;apos;, os.version: &amp;apos;10.12.6&amp;apos;, java.version: &amp;apos;1.8.0_144&amp;apos;
Driver info: io.appium.java_client.ios.IOSDriver
Capabilities [{networkConnectionEnabled=false, AutomationName=XCUITest, bundleId=com.tekion.cdmsmobileenterprise, databaseEnabled=false, deviceName=Bala&amp;apos;s iPhone, platform=MAC, platformVersion=11.0.3, webStorageEnabled=false, locationContextEnabled=false, browserName=, takesScreenshot=true, javascriptEnabled=true, platformName=iOS, udid=4efe4d624506f95c1333db73534c3bac26e92867}]
Session ID: 8663282b-cd14-4ae4-bfbb-d31663c4fcd6">
      <![CDATA[org.openqa.selenium.NoSuchSessionException: A session is either terminated or not started (WARNING: The server did not provide any stacktrace information)
Command duration or timeout: 4 milliseconds
Build info: version: '3.4.0', revision: 'unknown', time: 'unknown'
System info: host: 'Sahils-MBP', ip: '192.168.1.6', os.name: 'Mac OS X', os.arch: 'x86_64', os.version: '10.12.6', java.version: '1.8.0_144'
Driver info: io.appium.java_client.ios.IOSDriver
Capabilities [{networkConnectionEnabled=false, AutomationName=XCUITest, bundleId=com.tekion.cdmsmobileenterprise, databaseEnabled=false, deviceName=Bala's iPhone, platform=MAC, platformVersion=11.0.3, webStorageEnabled=false, locationContextEnabled=false, browserName=, takesScreenshot=true, javascriptEnabled=true, platformName=iOS, udid=4efe4d624506f95c1333db73534c3bac26e92867}]
Session ID: 8663282b-cd14-4ae4-bfbb-d31663c4fcd6
	at org.openqa.selenium.remote.ErrorHandler.createThrowable(ErrorHandler.java:215)
	at org.openqa.selenium.remote.ErrorHandler.throwIfResponseFailed(ErrorHandler.java:167)
	at org.openqa.selenium.remote.RemoteWebDriver.execute(RemoteWebDriver.java:671)
	at io.appium.java_client.DefaultGenericMobileDriver.execute(DefaultGenericMobileDriver.java:51)
	at io.appium.java_client.AppiumDriver.execute(AppiumDriver.java:1)
	at io.appium.java_client.ios.IOSDriver.execute(IOSDriver.java:1)
	at org.openqa.selenium.remote.RemoteWebDriver.executeScript(RemoteWebDriver.java:573)
	at tekion.AddNewCustomer.SCROLLBUSINESS(AddNewCustomer.java:175)
	at tekion.AddNewCustomer.ADDNEWCUSTOMER(AddNewCustomer.java:37)
	at tekion.AddNewCustomerTest.startcheckin(AddNewCustomerTest.java:24)
... Removed 26 stack frames]]>
    </failure>
  </testcase> <!-- startcheckin -->
</testsuite> <!-- Test -->
